[11:00:04] [Server thread/INFO]: Starting minecraft server version 1.15.2
[11:00:04] [Server thread/INFO]: Loading properties
[11:00:05] [Server thread/INFO]: This server is running Paper version git-Paper-334 (MC: 1.15.2) (Implementing API version 1.15.2-R0.1-SNAPSHOT)
[11:00:05] [Server thread/INFO]: Debug logging is disabled
[11:00:05] [Server thread/INFO]: Server Ping Player Sample Count: 12
[11:00:05] [Server thread/INFO]: Using 4 threads for Netty based IO
[11:00:05] [Server thread/INFO]: Default game type: SURVIVAL
[11:00:05] [Server thread/INFO]: Generating keypair
[11:00:06] [Server thread/INFO]: Starting Minecraft server on *:25566
[11:00:06] [Server thread/INFO]: Using default channel type
[11:00:08] [Server thread/WARN]: Initializing Legacy Material Support. Unless you have legacy plugins and/or data this is a bug!
[11:00:16] [Server thread/WARN]: Legacy plugin MysqlEcoBridge v3.4.1 does not specify an api-version.
[11:00:17] [Server thread/INFO]: [LuckPerms] Loading LuckPerms v5.0.72
[11:00:17] [Server thread/INFO]: [WorldEdit] Loading WorldEdit v7.1.0;8e55131
[11:00:21] [Server thread/INFO]: Got request to register class com.sk89q.worldedit.bukkit.BukkitServerInterface with WorldEdit [com.sk89q.worldedit.extension.platform.PlatformManager@68e7d91]
[11:00:21] [Server thread/INFO]: [Vault] Loading Vault v1.7.2-b107
[11:00:21] [Server thread/INFO]: [ServerSelectorX] Loading ServerSelectorX v3.5.4
[11:00:21] [Server thread/INFO]: [Multiverse-Core] Loading Multiverse-Core v4.1.0-b775
[11:00:21] [Server thread/INFO]: [WorldGuard] Loading WorldGuard v7.0.2-SNAPSHOT;bf2593e
[11:00:21] [Server thread/INFO]: [IPortal] Loading IPortal v1.13
[11:00:21] [Server thread/INFO]: [MysqlEcoBridge] Loading MysqlEcoBridge v3.4.1
[11:00:21] [Server thread/INFO]: [Essentials] Loading Essentials v2.17.2.0
[11:00:21] [Server thread/INFO]: [EssentialsProtect] Loading EssentialsProtect v2.17.2.0
[11:00:21] [Server thread/INFO]: [EssentialsSpawn] Loading EssentialsSpawn v2.17.2.0
[11:00:21] [Server thread/INFO]: [EssentialsChat] Loading EssentialsChat v2.17.2.0
[11:00:21] [Server thread/INFO]: Server permissions file permissions.yml is empty, ignoring it
[11:00:21] [Server thread/INFO]: [LuckPerms] Enabling LuckPerms v5.0.72
[11:00:21] [Server thread/INFO]:         __    
[11:00:21] [Server thread/INFO]:   |    |__)   LuckPerms v5.0.72
[11:00:21] [Server thread/INFO]:   |___ |      Running on Bukkit - Paper
[11:00:21] [Server thread/INFO]: 
[11:00:21] [Server thread/INFO]: [LuckPerms] Loading configuration...
[11:00:21] [Server thread/INFO]: [LuckPerms] Loading storage provider... [H2]
[11:00:22] [Server thread/INFO]: [LuckPerms] Loading internal permission managers...
[11:00:23] [Server thread/INFO]: [LuckPerms] Performing initial data load...
[11:00:23] [Server thread/INFO]: [LuckPerms] Successfully enabled. (took 2116ms)
[11:00:23] [Server thread/INFO]: [WorldEdit] Enabling WorldEdit v7.1.0;8e55131
[11:00:23] [Server thread/WARN]: [WorldEdit] Loaded class net.milkbowl.vault.permission.Permission from Vault v1.7.2-b107 which is not a depend, softdepend or loadbefore of this plugin.
[11:00:23] [Server thread/INFO]: WEPIF: Using the Bukkit Permissions API.
[11:00:23] [Server thread/INFO]: Using com.sk89q.worldedit.bukkit.adapter.impl.Spigot_v1_15_R2 as the Bukkit adapter
[11:00:25] [Server thread/INFO]: [Vault] Enabling Vault v1.7.2-b107
[11:00:25] [Server thread/WARN]: [Vault] Loaded class com.earth2me.essentials.api.Economy from Essentials v2.17.2.0 which is not a depend, softdepend or loadbefore of this plugin.
[11:00:25] [Server thread/INFO]: [Vault] [Economy] Essentials Economy found: Waiting
[11:00:25] [Server thread/INFO]: [Vault] [Permission] SuperPermissions loaded as backup permission system.
[11:00:25] [Server thread/INFO]: [Vault] Enabled Version 1.7.2-b107
[11:00:25] [Server thread/WARN]: [LuckPerms] Loaded class net.milkbowl.vault.permission.Permission from Vault v1.7.2-b107 which is not a depend, softdepend or loadbefore of this plugin.
[11:00:25] [Server thread/INFO]: [LuckPerms] Registered Vault permission & chat hook.
[11:00:25] [Server thread/INFO]: WEPIF: Vault detected! Using Vault for permissions
[11:00:25] [Server thread/INFO]: [MysqlEcoBridge] Enabling MysqlEcoBridge v3.4.1*
[11:00:25] [Server thread/INFO]: [MysqlEcoBridge] Using economy system: Essentials Economy
[11:00:25] [Server thread/INFO]: [MysqlEcoBridge] Loading the config file...
[11:00:25] [Server thread/INFO]: [MysqlEcoBridge] Connecting to the database...
[11:00:26] [Server thread/INFO]: [MysqlEcoBridge] Database connection successful!
[11:00:26] [Server thread/INFO]: [MysqlEcoBridge] Data save task is enabled.
[11:00:26] [Server thread/INFO]: [MysqlEcoBridge] MysqlEcoBridge loaded successfully!
[11:00:26] [Server thread/WARN]: **** SERVER IS RUNNING IN OFFLINE/INSECURE MODE!
[11:00:26] [Server thread/WARN]: The server will make no attempt to authenticate usernames. Beware.
[11:00:26] [Server thread/WARN]: While this makes the game possible to play without internet access, it also opens up the ability for hackers to connect with any username they choose.
[11:00:26] [Server thread/WARN]: To change this, set "online-mode" to "true" in the server.properties file.
[11:00:26] [Server thread/INFO]: Preparing level "world"
[11:00:26] [Server thread/INFO]: Reloading ResourceManager: Default, bukkit
[11:00:27] [Server thread/INFO]: Loaded 6 recipes
[11:00:28] [Server thread/INFO]: -------- World Settings For [world] --------
[11:00:28] [Server thread/INFO]: Arrow Despawn Rate: 1200 Trident Respawn Rate:1200
[11:00:28] [Server thread/INFO]: Allow Zombie Pigmen to spawn from portal blocks: true
[11:00:28] [Server thread/INFO]: Zombie Aggressive Towards Villager: true
[11:00:28] [Server thread/INFO]: Nerfing mobs spawned from spawners: false
[11:00:28] [Server thread/INFO]: View Distance: 10
[11:00:28] [Server thread/INFO]: Item Despawn Rate: 6000
[11:00:28] [Server thread/INFO]: Item Merge Radius: 2.5
[11:00:28] [Server thread/INFO]: Custom Map Seeds:  Village: 10387312 Desert: 14357617 Igloo: 14357618 Jungle: 14357619 Swamp: 14357620 Monument: 10387313 Ocean: 14357621 Shipwreck: 165745295 End City: 10387313 Slime: 987234911
[11:00:28] [Server thread/INFO]: Mob Spawn Range: 8
[11:00:28] [Server thread/INFO]: Cactus Growth Modifier: 100%
[11:00:28] [Server thread/INFO]: Cane Growth Modifier: 100%
[11:00:28] [Server thread/INFO]: Melon Growth Modifier: 100%
[11:00:28] [Server thread/INFO]: Mushroom Growth Modifier: 100%
[11:00:28] [Server thread/INFO]: Pumpkin Growth Modifier: 100%
[11:00:28] [Server thread/INFO]: Sapling Growth Modifier: 100%
[11:00:28] [Server thread/INFO]: Beetroot Growth Modifier: 100%
[11:00:28] [Server thread/INFO]: Carrot Growth Modifier: 100%
[11:00:28] [Server thread/INFO]: Potato Growth Modifier: 100%
[11:00:28] [Server thread/INFO]: Wheat Growth Modifier: 100%
[11:00:28] [Server thread/INFO]: NetherWart Growth Modifier: 100%
[11:00:28] [Server thread/INFO]: Vine Growth Modifier: 100%
[11:00:28] [Server thread/INFO]: Cocoa Growth Modifier: 100%
[11:00:28] [Server thread/INFO]: Bamboo Growth Modifier: 100%
[11:00:28] [Server thread/INFO]: SweetBerry Growth Modifier: 100%
[11:00:28] [Server thread/INFO]: Kelp Growth Modifier: 100%
[11:00:28] [Server thread/INFO]: Experience Merge Radius: 3.0
[11:00:28] [Server thread/INFO]: Entity Activation Range: An 32 / Mo 32 / Ra 48 / Mi 16 / Tiv true
[11:00:28] [Server thread/INFO]: Tile Max Tick Time: 50ms Entity max Tick Time: 50ms
[11:00:28] [Server thread/INFO]: Entity Tracking Range: Pl 48 / An 48 / Mo 48 / Mi 32 / Other 64
[11:00:28] [Server thread/INFO]: Hopper Transfer: 8 Hopper Check: 1 Hopper Amount: 1
[11:00:28] [Server thread/INFO]: Max TNT Explosions: 100
[11:00:28] [Server thread/INFO]: Registering commands with com.sk89q.worldedit.bukkit.BukkitServerInterface
[11:00:28] [Server thread/INFO]: -------- World Settings For [world_the_end] --------
[11:00:28] [Server thread/INFO]: Arrow Despawn Rate: 1200 Trident Respawn Rate:1200
[11:00:28] [Server thread/INFO]: Allow Zombie Pigmen to spawn from portal blocks: true
[11:00:28] [Server thread/INFO]: Zombie Aggressive Towards Villager: true
[11:00:28] [Server thread/INFO]: Nerfing mobs spawned from spawners: false
[11:00:28] [Server thread/INFO]: View Distance: 10
[11:00:28] [Server thread/INFO]: Item Despawn Rate: 6000
[11:00:28] [Server thread/INFO]: Item Merge Radius: 2.5
[11:00:28] [Server thread/INFO]: Custom Map Seeds:  Village: 10387312 Desert: 14357617 Igloo: 14357618 Jungle: 14357619 Swamp: 14357620 Monument: 10387313 Ocean: 14357621 Shipwreck: 165745295 End City: 10387313 Slime: 987234911
[11:00:28] [Server thread/INFO]: Mob Spawn Range: 8
[11:00:28] [Server thread/INFO]: Cactus Growth Modifier: 100%
[11:00:28] [Server thread/INFO]: Cane Growth Modifier: 100%
[11:00:28] [Server thread/INFO]: Melon Growth Modifier: 100%
[11:00:28] [Server thread/INFO]: Mushroom Growth Modifier: 100%
[11:00:28] [Server thread/INFO]: Pumpkin Growth Modifier: 100%
[11:00:28] [Server thread/INFO]: Sapling Growth Modifier: 100%
[11:00:28] [Server thread/INFO]: Beetroot Growth Modifier: 100%
[11:00:28] [Server thread/INFO]: Carrot Growth Modifier: 100%
[11:00:28] [Server thread/INFO]: Potato Growth Modifier: 100%
[11:00:28] [Server thread/INFO]: Wheat Growth Modifier: 100%
[11:00:28] [Server thread/INFO]: NetherWart Growth Modifier: 100%
[11:00:28] [Server thread/INFO]: Vine Growth Modifier: 100%
[11:00:28] [Server thread/INFO]: Cocoa Growth Modifier: 100%
[11:00:28] [Server thread/INFO]: Bamboo Growth Modifier: 100%
[11:00:28] [Server thread/INFO]: SweetBerry Growth Modifier: 100%
[11:00:28] [Server thread/INFO]: Kelp Growth Modifier: 100%
[11:00:28] [Server thread/INFO]: Experience Merge Radius: 3.0
[11:00:28] [Server thread/INFO]: Entity Activation Range: An 32 / Mo 32 / Ra 48 / Mi 16 / Tiv true
[11:00:28] [Server thread/INFO]: Tile Max Tick Time: 50ms Entity max Tick Time: 50ms
[11:00:28] [Server thread/INFO]: Entity Tracking Range: Pl 48 / An 48 / Mo 48 / Mi 32 / Other 64
[11:00:28] [Server thread/INFO]: Hopper Transfer: 8 Hopper Check: 1 Hopper Amount: 1
[11:00:28] [Server thread/INFO]: Max TNT Explosions: 100
[11:00:29] [Server thread/INFO]: Preparing start region for dimension 'world'/minecraft:overworld
[11:00:29] [Paper RegionFile IO Thread/INFO]: [RegionFile] Using Java 8 DirectByteBuffer cleanup method
[11:00:29] [Server thread/INFO]: Loaded 0 spawn chunks for world world
[11:00:29] [Server thread/INFO]: Preparing spawn area: 0%
[11:00:29] [Server thread/INFO]: Preparing spawn area: 0%
[11:00:30] [Server thread/INFO]: Preparing spawn area: 0%
[11:00:30] [Server thread/INFO]: Time elapsed: 1126 ms
[11:00:30] [Server thread/INFO]: Preparing start region for dimension 'world_the_end'/minecraft:the_end
[11:00:30] [Server thread/INFO]: Loaded 0 spawn chunks for world world_the_end
[11:00:30] [Server thread/INFO]: Preparing spawn area: 0%
[11:00:30] [Server thread/INFO]: Time elapsed: 496 ms
[11:00:30] [Server thread/INFO]: [ServerSelectorX] Enabling ServerSelectorX v3.5.4
[11:00:30] [Server thread/INFO]: [ServerSelectorX] Thank you for using ServerSelectorX. If you enjoy using this plugin, please consider buying the premium version. It has more features and placeholders update instantly. https://github.com/ServerSelectorX/ServerSelectorX/wiki/Premium
[11:00:30] [Server thread/INFO]: [Multiverse-Core] Enabling Multiverse-Core v4.1.0-b775
[11:00:30] [Server thread/WARN]: [Multiverse-Core] Loaded class net.milkbowl.vault.economy.Economy from Vault v1.7.2-b107 which is not a depend, softdepend or loadbefore of this plugin.
[11:00:30] [Server thread/WARN]: [Multiverse-Core] "Multiverse-Core v4.1.0-b775" has registered a listener for org.bukkit.event.entity.EntityCreatePortalEvent on method "public void com.onarandombox.MultiverseCore.listeners.MVPortalListener.entityPortalCreate(org.bukkit.event.entity.EntityCreatePortalEvent)", but the event is Deprecated. "Server performance will be affected"; please notify the authors [Rigby, fernferret, lithium3141, main--, dumptruckman].
[11:00:30] [Server thread/INFO]: [Multiverse-Core] We are aware of the warning about the deprecated event. There is no alternative that allows us to do what we need to do. The performance impact is negligible.
[11:00:31] [Server thread/INFO]: [Multiverse-Core] 1 - World(s) loaded.
[11:00:32] [Server thread/INFO]: [Multiverse-Core] Version 4.1.0-b775 (API v24) Enabled - By Rigby, fernferret, lithium3141, main-- and dumptruckman
[11:00:32] [Server thread/INFO]: [Multiverse-Core] Help dumptruckman keep this project alive. Become a patron! https://www.patreon.com/dumptruckman
[11:00:32] [Server thread/INFO]: [Multiverse-Core] One time donations are also appreciated: https://www.paypal.me/dumptruckman
[11:00:32] [Server thread/INFO]: [WorldGuard] Enabling WorldGuard v7.0.2-SNAPSHOT;bf2593e
[11:00:32] [Server thread/INFO]: [WorldGuard] (world) TNT ignition is PERMITTED.
[11:00:32] [Server thread/INFO]: [WorldGuard] (world) Lighters are PERMITTED.
[11:00:32] [Server thread/INFO]: [WorldGuard] (world) Lava fire is PERMITTED.
[11:00:32] [Server thread/INFO]: [WorldGuard] (world) Fire spread is UNRESTRICTED.
[11:00:32] [Server thread/INFO]: [WorldGuard] Loaded configuration for world 'world'
[11:00:32] [Server thread/INFO]: [WorldGuard] (world_the_end) TNT ignition is PERMITTED.
[11:00:32] [Server thread/INFO]: [WorldGuard] (world_the_end) Lighters are PERMITTED.
[11:00:32] [Server thread/INFO]: [WorldGuard] (world_the_end) Lava fire is PERMITTED.
[11:00:32] [Server thread/INFO]: [WorldGuard] (world_the_end) Fire spread is UNRESTRICTED.
[11:00:32] [Server thread/INFO]: [WorldGuard] Loaded configuration for world 'world_the_end'
[11:00:32] [Server thread/INFO]: [WorldGuard] Loading region data...
[11:00:34] [Server thread/INFO]: [IPortal] Enabling IPortal v1.13
[11:00:35] [Server thread/ERROR]: POI data mismatch: never registered at BlockPosition{x=64, y=104, z=-11}
[11:00:35] [Server thread/ERROR]: POI data mismatch: never registered at BlockPosition{x=64, y=104, z=-12}
[11:00:35] [Server thread/ERROR]: POI data mismatch: never registered at BlockPosition{x=64, y=104, z=-13}
[11:00:35] [Server thread/ERROR]: POI data mismatch: never registered at BlockPosition{x=64, y=104, z=-14}
[11:00:35] [Server thread/ERROR]: POI data mismatch: never registered at BlockPosition{x=64, y=104, z=-15}
[11:00:35] [Server thread/ERROR]: POI data mismatch: never registered at BlockPosition{x=64, y=103, z=-15}
[11:00:35] [Server thread/ERROR]: POI data mismatch: never registered at BlockPosition{x=64, y=103, z=-14}
[11:00:35] [Server thread/ERROR]: POI data mismatch: never registered at BlockPosition{x=64, y=103, z=-13}
[11:00:35] [Server thread/ERROR]: POI data mismatch: never registered at BlockPosition{x=64, y=103, z=-12}
[11:00:35] [Server thread/ERROR]: POI data mismatch: never registered at BlockPosition{x=64, y=103, z=-11}
[11:00:35] [Server thread/ERROR]: POI data mismatch: never registered at BlockPosition{x=64, y=102, z=-11}
[11:00:35] [Server thread/ERROR]: POI data mismatch: never registered at BlockPosition{x=64, y=102, z=-12}
[11:00:35] [Server thread/ERROR]: POI data mismatch: never registered at BlockPosition{x=64, y=102, z=-13}
[11:00:35] [Server thread/ERROR]: POI data mismatch: never registered at BlockPosition{x=64, y=102, z=-14}
[11:00:35] [Server thread/ERROR]: POI data mismatch: never registered at BlockPosition{x=64, y=102, z=-15}
[11:00:35] [Server thread/ERROR]: POI data mismatch: never registered at BlockPosition{x=64, y=101, z=-15}
[11:00:35] [Server thread/ERROR]: POI data mismatch: never registered at BlockPosition{x=64, y=101, z=-14}
[11:00:35] [Server thread/ERROR]: POI data mismatch: never registered at BlockPosition{x=64, y=101, z=-13}
[11:00:35] [Server thread/ERROR]: POI data mismatch: never registered at BlockPosition{x=64, y=101, z=-12}
[11:00:35] [Server thread/ERROR]: POI data mismatch: never registered at BlockPosition{x=64, y=101, z=-11}
[11:00:35] [Server thread/ERROR]: POI data mismatch: never registered at BlockPosition{x=64, y=100, z=-11}
[11:00:35] [Server thread/ERROR]: POI data mismatch: never registered at BlockPosition{x=64, y=100, z=-12}
[11:00:35] [Server thread/ERROR]: POI data mismatch: never registered at BlockPosition{x=64, y=100, z=-13}
[11:00:35] [Server thread/ERROR]: POI data mismatch: never registered at BlockPosition{x=64, y=100, z=-14}
[11:00:35] [Server thread/ERROR]: POI data mismatch: never registered at BlockPosition{x=64, y=100, z=-15}
[11:00:35] [Server thread/ERROR]: POI data mismatch: never registered at BlockPosition{x=64, y=99, z=-15}
[11:00:35] [Server thread/ERROR]: POI data mismatch: never registered at BlockPosition{x=64, y=99, z=-14}
[11:00:35] [Server thread/ERROR]: POI data mismatch: never registered at BlockPosition{x=64, y=99, z=-13}
[11:00:35] [Server thread/ERROR]: POI data mismatch: never registered at BlockPosition{x=64, y=99, z=-12}
[11:00:35] [Server thread/ERROR]: POI data mismatch: never registered at BlockPosition{x=64, y=99, z=-11}
[11:00:35] [Server thread/ERROR]: POI data mismatch: never registered at BlockPosition{x=64, y=98, z=-11}
[11:00:35] [Server thread/ERROR]: POI data mismatch: never registered at BlockPosition{x=64, y=98, z=-12}
[11:00:35] [Server thread/ERROR]: POI data mismatch: never registered at BlockPosition{x=64, y=98, z=-13}
[11:00:35] [Server thread/ERROR]: POI data mismatch: never registered at BlockPosition{x=64, y=98, z=-14}
[11:00:35] [Server thread/ERROR]: POI data mismatch: never registered at BlockPosition{x=64, y=98, z=-15}
[11:00:35] [Server thread/INFO]: [iPortal] hg portal successfully Loaded!
[11:00:35] [Server thread/ERROR]: POI data mismatch: never registered at BlockPosition{x=69, y=104, z=2}
[11:00:35] [Server thread/ERROR]: POI data mismatch: never registered at BlockPosition{x=69, y=104, z=1}
[11:00:35] [Server thread/ERROR]: POI data mismatch: never registered at BlockPosition{x=69, y=104, z=0}
[11:00:35] [Server thread/ERROR]: POI data mismatch: never registered at BlockPosition{x=69, y=104, z=-1}
[11:00:35] [Server thread/ERROR]: POI data mismatch: never registered at BlockPosition{x=69, y=104, z=-2}
[11:00:35] [Server thread/ERROR]: POI data mismatch: never registered at BlockPosition{x=69, y=103, z=-2}
[11:00:35] [Server thread/ERROR]: POI data mismatch: never registered at BlockPosition{x=69, y=103, z=-1}
[11:00:35] [Server thread/ERROR]: POI data mismatch: never registered at BlockPosition{x=69, y=103, z=0}
[11:00:35] [Server thread/ERROR]: POI data mismatch: never registered at BlockPosition{x=69, y=103, z=1}
[11:00:35] [Server thread/ERROR]: POI data mismatch: never registered at BlockPosition{x=69, y=103, z=2}
[11:00:35] [Server thread/ERROR]: POI data mismatch: never registered at BlockPosition{x=69, y=102, z=2}
[11:00:35] [Server thread/ERROR]: POI data mismatch: never registered at BlockPosition{x=69, y=102, z=1}
[11:00:35] [Server thread/ERROR]: POI data mismatch: never registered at BlockPosition{x=69, y=102, z=0}
[11:00:35] [Server thread/ERROR]: POI data mismatch: never registered at BlockPosition{x=69, y=102, z=-1}
[11:00:35] [Server thread/ERROR]: POI data mismatch: never registered at BlockPosition{x=69, y=102, z=-2}
[11:00:35] [Server thread/ERROR]: POI data mismatch: never registered at BlockPosition{x=69, y=101, z=-2}
[11:00:35] [Server thread/ERROR]: POI data mismatch: never registered at BlockPosition{x=69, y=101, z=-1}
[11:00:35] [Server thread/ERROR]: POI data mismatch: never registered at BlockPosition{x=69, y=101, z=0}
[11:00:35] [Server thread/ERROR]: POI data mismatch: never registered at BlockPosition{x=69, y=101, z=1}
[11:00:35] [Server thread/ERROR]: POI data mismatch: never registered at BlockPosition{x=69, y=101, z=2}
[11:00:35] [Server thread/ERROR]: POI data mismatch: never registered at BlockPosition{x=69, y=100, z=2}
[11:00:35] [Server thread/ERROR]: POI data mismatch: never registered at BlockPosition{x=69, y=100, z=1}
[11:00:35] [Server thread/ERROR]: POI data mismatch: never registered at BlockPosition{x=69, y=100, z=0}
[11:00:35] [Server thread/ERROR]: POI data mismatch: never registered at BlockPosition{x=69, y=100, z=-1}
[11:00:35] [Server thread/ERROR]: POI data mismatch: never registered at BlockPosition{x=69, y=100, z=-2}
[11:00:35] [Server thread/ERROR]: POI data mismatch: never registered at BlockPosition{x=69, y=99, z=-2}
[11:00:35] [Server thread/ERROR]: POI data mismatch: never registered at BlockPosition{x=69, y=99, z=-1}
[11:00:35] [Server thread/ERROR]: POI data mismatch: never registered at BlockPosition{x=69, y=99, z=0}
[11:00:35] [Server thread/ERROR]: POI data mismatch: never registered at BlockPosition{x=69, y=99, z=1}
[11:00:35] [Server thread/ERROR]: POI data mismatch: never registered at BlockPosition{x=69, y=99, z=2}
[11:00:35] [Server thread/ERROR]: POI data mismatch: never registered at BlockPosition{x=69, y=98, z=2}
[11:00:35] [Server thread/ERROR]: POI data mismatch: never registered at BlockPosition{x=69, y=98, z=1}
[11:00:35] [Server thread/ERROR]: POI data mismatch: never registered at BlockPosition{x=69, y=98, z=0}
[11:00:35] [Server thread/ERROR]: POI data mismatch: never registered at BlockPosition{x=69, y=98, z=-1}
[11:00:35] [Server thread/ERROR]: POI data mismatch: never registered at BlockPosition{x=69, y=98, z=-2}
[11:00:35] [Server thread/INFO]: [iPortal] plot portal successfully Loaded!
[11:00:35] [Server thread/ERROR]: POI data mismatch: never registered at BlockPosition{x=64, y=104, z=15}
[11:00:35] [Server thread/ERROR]: POI data mismatch: never registered at BlockPosition{x=64, y=104, z=14}
[11:00:35] [Server thread/ERROR]: POI data mismatch: never registered at BlockPosition{x=64, y=104, z=13}
[11:00:35] [Server thread/ERROR]: POI data mismatch: never registered at BlockPosition{x=64, y=104, z=12}
[11:00:35] [Server thread/ERROR]: POI data mismatch: never registered at BlockPosition{x=64, y=104, z=11}
[11:00:35] [Server thread/ERROR]: POI data mismatch: never registered at BlockPosition{x=64, y=103, z=11}
[11:00:35] [Server thread/ERROR]: POI data mismatch: never registered at BlockPosition{x=64, y=103, z=12}
[11:00:35] [Server thread/ERROR]: POI data mismatch: never registered at BlockPosition{x=64, y=103, z=13}
[11:00:35] [Server thread/ERROR]: POI data mismatch: never registered at BlockPosition{x=64, y=103, z=14}
[11:00:35] [Server thread/ERROR]: POI data mismatch: never registered at BlockPosition{x=64, y=103, z=15}
[11:00:35] [Server thread/ERROR]: POI data mismatch: never registered at BlockPosition{x=64, y=102, z=15}
[11:00:35] [Server thread/ERROR]: POI data mismatch: never registered at BlockPosition{x=64, y=102, z=14}
[11:00:35] [Server thread/ERROR]: POI data mismatch: never registered at BlockPosition{x=64, y=102, z=13}
[11:00:35] [Server thread/ERROR]: POI data mismatch: never registered at BlockPosition{x=64, y=102, z=12}
[11:00:35] [Server thread/ERROR]: POI data mismatch: never registered at BlockPosition{x=64, y=102, z=11}
[11:00:35] [Server thread/ERROR]: POI data mismatch: never registered at BlockPosition{x=64, y=101, z=11}
[11:00:35] [Server thread/ERROR]: POI data mismatch: never registered at BlockPosition{x=64, y=101, z=12}
[11:00:35] [Server thread/ERROR]: POI data mismatch: never registered at BlockPosition{x=64, y=101, z=13}
[11:00:35] [Server thread/ERROR]: POI data mismatch: never registered at BlockPosition{x=64, y=101, z=14}
[11:00:35] [Server thread/ERROR]: POI data mismatch: never registered at BlockPosition{x=64, y=101, z=15}
[11:00:35] [Server thread/ERROR]: POI data mismatch: never registered at BlockPosition{x=64, y=100, z=15}
[11:00:35] [Server thread/ERROR]: POI data mismatch: never registered at BlockPosition{x=64, y=100, z=14}
[11:00:35] [Server thread/ERROR]: POI data mismatch: never registered at BlockPosition{x=64, y=100, z=13}
[11:00:35] [Server thread/ERROR]: POI data mismatch: never registered at BlockPosition{x=64, y=100, z=12}
[11:00:35] [Server thread/ERROR]: POI data mismatch: never registered at BlockPosition{x=64, y=100, z=11}
[11:00:35] [Server thread/ERROR]: POI data mismatch: never registered at BlockPosition{x=64, y=99, z=11}
[11:00:35] [Server thread/ERROR]: POI data mismatch: never registered at BlockPosition{x=64, y=99, z=12}
[11:00:35] [Server thread/ERROR]: POI data mismatch: never registered at BlockPosition{x=64, y=99, z=13}
[11:00:35] [Server thread/ERROR]: POI data mismatch: never registered at BlockPosition{x=64, y=99, z=14}
[11:00:35] [Server thread/ERROR]: POI data mismatch: never registered at BlockPosition{x=64, y=99, z=15}
[11:00:35] [Server thread/ERROR]: POI data mismatch: never registered at BlockPosition{x=64, y=98, z=15}
[11:00:35] [Server thread/ERROR]: POI data mismatch: never registered at BlockPosition{x=64, y=98, z=14}
[11:00:35] [Server thread/ERROR]: POI data mismatch: never registered at BlockPosition{x=64, y=98, z=13}
[11:00:35] [Server thread/ERROR]: POI data mismatch: never registered at BlockPosition{x=64, y=98, z=12}
[11:00:35] [Server thread/ERROR]: POI data mismatch: never registered at BlockPosition{x=64, y=98, z=11}
[11:00:35] [Server thread/INFO]: [iPortal] survival portal successfully Loaded!
[11:00:35] [Server thread/INFO]: [iPortal] portals.yml file successfully Loaded!
[11:00:35] [Server thread/INFO]: [iPortal] IPortal has been enabled!
[11:00:35] [Server thread/INFO]: [Essentials] Enabling Essentials v2.17.2.0
[11:00:35] [Server thread/INFO]: [Essentials] Attempting to convert old kits in config.yml to new kits.yml
[11:00:35] [Server thread/INFO]: [Essentials] No kits found to migrate.
[11:00:35] [Server thread/INFO]: [Essentials] Using 1.8.3+ BlockStateMeta provider as mob spawner provider.
[11:00:35] [Server thread/INFO]: [Essentials] Using 1.13+ flat spawn egg provider as spawn egg provider.
[11:00:35] [Server thread/INFO]: [Essentials] Using 1.9+ BasePotionData provider as potion meta provider.
[11:00:35] [Server thread/INFO]: [Essentials] Loaded 21018 items from items.json.
[11:00:35] [Server thread/INFO]: [Essentials] Using locale en_US
[11:00:35] [Server thread/INFO]: [Essentials] ServerListPingEvent: Spigot iterator API
[11:00:35] [Server thread/INFO]: [Essentials] Starting Metrics. Opt-out using the global bStats config.
[11:00:35] [Server thread/INFO]: [Vault] [Vault][Economy] Essentials Economy hooked.
[11:00:35] [Server thread/INFO]: [Essentials] Using Vault based permissions (LuckPerms)
[11:00:35] [Server thread/INFO]: [EssentialsProtect] Enabling EssentialsProtect v2.17.2.0
[11:00:35] [Server thread/INFO]: [EssentialsProtect] Continuing to enable Protect.
[11:00:35] [Server thread/INFO]: [EssentialsSpawn] Enabling EssentialsSpawn v2.17.2.0
[11:00:35] [Server thread/INFO]: [EssentialsChat] Enabling EssentialsChat v2.17.2.0
[11:00:36] [Server thread/INFO]: Running delayed init tasks
[11:00:36] [Server thread/INFO]: Done (32.295s)! For help, type "help"
[11:00:36] [Server thread/INFO]: Timings Reset
[11:00:36] [Craft Scheduler Thread - 10/INFO]: [Vault] Checking for Updates ... 
[11:00:38] [Craft Scheduler Thread - 10/INFO]: [Vault] No new version available
[11:07:02] [User Authenticator #1/INFO]: UUID of player dudesentee is aab764fe-6dd0-3705-a28a-86ae47e1c0b6
[11:07:03] [Server thread/INFO]: dudesentee joined the game
[11:07:03] [Server thread/INFO]: dudesentee[/127.0.0.1:60421] logged in with entity id 17 at ([world]-2.2031037050454034, 101.80279028328228, 0.7980784888457942)
[11:07:03] [Server thread/WARN]: [Essentials] Permissions lag notice with (ModernVaultHandler). Response took 31.569222ms. Summary: Getting prefix for dudesentee
[11:07:03] [Craft Scheduler Thread - 36/INFO]: [MysqlEcoBridge] Saving online players data...
[11:07:04] [Craft Scheduler Thread - 36/INFO]: [MysqlEcoBridge] Data save complete for 1 players.
[11:07:18] [Server thread/INFO]: dudesentee issued server command: /setworldspawn
[11:07:18] [Server thread/INFO]: [dudesentee: Set the world spawn point to -1, 100, 0]
[11:07:29] [Server thread/INFO]: dudesentee issued server command: /mvsetspawn
[11:07:34] [Server thread/INFO]: dudesentee lost connection: Disconnected
[11:07:34] [Server thread/INFO]: dudesentee left the game
[11:07:41] [User Authenticator #1/INFO]: UUID of player dudesentee is aab764fe-6dd0-3705-a28a-86ae47e1c0b6
[11:07:41] [Server thread/INFO]: dudesentee joined the game
[11:07:41] [Server thread/INFO]: dudesentee[/127.0.0.1:60424] logged in with entity id 19 at ([world]-0.03733364514072274, 100.0, 0.4247704653275413)
[11:10:04] [Craft Scheduler Thread - 47/INFO]: [MysqlEcoBridge] Saving online players data...
[11:10:04] [Craft Scheduler Thread - 47/INFO]: [MysqlEcoBridge] Data save complete for 1 players.
[11:10:14] [Server thread/INFO]: dudesentee lost connection: Disconnected
[11:10:14] [Server thread/INFO]: dudesentee left the game
[15:59:01] [User Authenticator #2/INFO]: UUID of player dudesentee is aab764fe-6dd0-3705-a28a-86ae47e1c0b6
[15:59:02] [Server thread/INFO]: dudesentee joined the game
[15:59:02] [Server thread/INFO]: dudesentee[/127.0.0.1:60911] logged in with entity id 312 at ([world]-99.4295218360349, 90.0, 6.424413921344076)
[15:59:02] [Craft Scheduler Thread - 1200/INFO]: [MysqlEcoBridge] Saving online players data...
[15:59:02] [Craft Scheduler Thread - 1200/INFO]: [MysqlEcoBridge] Data save complete for 1 players.
[16:02:02] [Craft Scheduler Thread - 1211/INFO]: [MysqlEcoBridge] Saving online players data...
[16:02:02] [Craft Scheduler Thread - 1211/INFO]: [MysqlEcoBridge] Data save complete for 1 players.
[16:04:12] [Server thread/INFO]: dudesentee lost connection: Disconnected
[16:04:12] [Server thread/INFO]: dudesentee left the game
[16:08:27] [User Authenticator #3/INFO]: UUID of player dudesentee is aab764fe-6dd0-3705-a28a-86ae47e1c0b6
[16:08:27] [Server thread/INFO]: dudesentee joined the game
[16:08:27] [Server thread/INFO]: dudesentee[/127.0.0.1:60928] logged in with entity id 346 at ([world]-91.04642821483569, 90.0, -0.7898785575990098)
[16:08:28] [Craft Scheduler Thread - 1236/INFO]: [MysqlEcoBridge] Saving online players data...
[16:08:28] [Craft Scheduler Thread - 1236/INFO]: [MysqlEcoBridge] Data save complete for 1 players.
[16:08:39] [Server thread/INFO]: dudesentee issued server command: /gm c
[16:11:28] [Craft Scheduler Thread - 1249/INFO]: [MysqlEcoBridge] Saving online players data...
[16:11:28] [Craft Scheduler Thread - 1249/INFO]: [MysqlEcoBridge] Data save complete for 1 players.
[16:14:28] [Craft Scheduler Thread - 1261/INFO]: [MysqlEcoBridge] Saving online players data...
[16:14:28] [Craft Scheduler Thread - 1261/INFO]: [MysqlEcoBridge] Data save complete for 1 players.
[16:14:39] [User Authenticator #4/INFO]: UUID of player VEX_Jiarg is d2b085ff-98ac-30bb-94b9-4276760f21bc
[16:14:39] [Server thread/INFO]: VEX_Jiarg joined the game
[16:14:39] [Server thread/INFO]: VEX_Jiarg[/127.0.0.1:60943] logged in with entity id 354 at ([world]0.0, 100.0, 0.0)
[16:14:42] [Server thread/INFO]: VEX_Jiarg lost connection: Disconnected
[16:14:42] [Server thread/INFO]: VEX_Jiarg left the game
[16:17:28] [Craft Scheduler Thread - 1271/INFO]: [MysqlEcoBridge] Saving online players data...
[16:17:28] [Craft Scheduler Thread - 1271/INFO]: [MysqlEcoBridge] Data save complete for 1 players.
[16:20:28] [Craft Scheduler Thread - 1283/INFO]: [MysqlEcoBridge] Saving online players data...
[16:20:28] [Craft Scheduler Thread - 1283/INFO]: [MysqlEcoBridge] Data save complete for 1 players.
[16:23:29] [Craft Scheduler Thread - 1295/INFO]: [MysqlEcoBridge] Saving online players data...
[16:23:29] [Craft Scheduler Thread - 1295/INFO]: [MysqlEcoBridge] Data save complete for 1 players.
[16:23:42] [User Authenticator #5/INFO]: UUID of player VEX_Jiarg is d2b085ff-98ac-30bb-94b9-4276760f21bc
[16:23:42] [Server thread/INFO]: VEX_Jiarg joined the game
[16:23:42] [Server thread/INFO]: VEX_Jiarg[/127.0.0.1:60954] logged in with entity id 367 at ([world]-1.0, 100.0, 0.0)
[16:23:48] [Server thread/INFO]: VEX_Jiarg lost connection: Disconnected
[16:23:48] [Server thread/INFO]: VEX_Jiarg left the game
[16:24:12] [User Authenticator #5/INFO]: UUID of player VEX_Jiarg is d2b085ff-98ac-30bb-94b9-4276760f21bc
[16:24:12] [Server thread/INFO]: VEX_Jiarg joined the game
[16:24:12] [Server thread/INFO]: VEX_Jiarg[/127.0.0.1:60957] logged in with entity id 368 at ([world]-1.0, 100.0, 0.0)
[16:24:15] [Server thread/INFO]: VEX_Jiarg lost connection: Disconnected
[16:24:15] [Server thread/INFO]: VEX_Jiarg left the game
[16:26:29] [Craft Scheduler Thread - 1304/INFO]: [MysqlEcoBridge] Saving online players data...
[16:26:29] [Craft Scheduler Thread - 1304/INFO]: [MysqlEcoBridge] Data save complete for 1 players.
[16:29:29] [Craft Scheduler Thread - 1316/INFO]: [MysqlEcoBridge] Saving online players data...
[16:29:29] [Craft Scheduler Thread - 1316/INFO]: [MysqlEcoBridge] Data save complete for 1 players.
[16:32:18] [User Authenticator #6/INFO]: UUID of player SovietPhenix is 2943bbcd-92cf-3f64-ae2a-98d36ef37551
[16:32:18] [Server thread/WARN]: Invalid wand tool set in config. Tool will not be assigned: minecraft:birch_button
[16:32:18] [Server thread/INFO]: SovietPhenix joined the game
[16:32:18] [Server thread/INFO]: SovietPhenix[/127.0.0.1:60977] logged in with entity id 377 at ([world]-106.07095898283436, 90.0, 6.923925982450047)
[16:32:29] [Craft Scheduler Thread - 1327/INFO]: [MysqlEcoBridge] Saving online players data...
[16:32:29] [Craft Scheduler Thread - 1327/INFO]: [MysqlEcoBridge] Data save complete for 2 players.
[16:35:10] [Server thread/INFO]: dudesentee lost connection: Disconnected
[16:35:10] [Server thread/INFO]: dudesentee left the game
[16:35:29] [Craft Scheduler Thread - 1336/INFO]: [MysqlEcoBridge] Saving online players data...
[16:35:29] [Craft Scheduler Thread - 1336/INFO]: [MysqlEcoBridge] Data save complete for 1 players.
[16:37:19] [Server thread/INFO]: SovietPhenix lost connection: Disconnected
[16:37:19] [Server thread/INFO]: SovietPhenix left the game
[16:51:15] [User Authenticator #7/INFO]: UUID of player dudesentee is aab764fe-6dd0-3705-a28a-86ae47e1c0b6
[16:51:15] [Server thread/INFO]: dudesentee joined the game
[16:51:15] [Server thread/INFO]: dudesentee[/127.0.0.1:61172] logged in with entity id 398 at ([world]-13.373687481948863, 99.0, 1.1837691765124994)
[16:51:16] [Craft Scheduler Thread - 1398/INFO]: [MysqlEcoBridge] Saving online players data...
[16:51:16] [Craft Scheduler Thread - 1398/INFO]: [MysqlEcoBridge] Data save complete for 1 players.
[16:52:44] [User Authenticator #8/INFO]: UUID of player SovietPhenix is 2943bbcd-92cf-3f64-ae2a-98d36ef37551
[16:52:44] [Server thread/INFO]: SovietPhenix joined the game
[16:52:44] [Server thread/INFO]: SovietPhenix[/127.0.0.1:61196] logged in with entity id 404 at ([world]-47.17161477542086, 103.0, 22.94008211460446)
[16:52:49] [User Authenticator #8/INFO]: UUID of player VEX_Jiarg is d2b085ff-98ac-30bb-94b9-4276760f21bc
[16:52:49] [Server thread/INFO]: VEX_Jiarg joined the game
[16:52:49] [Server thread/INFO]: VEX_Jiarg[/127.0.0.1:61198] logged in with entity id 405 at ([world]-1.0, 100.0, -0.42686073208434244)
[16:53:11] [Server thread/INFO]: SovietPhenix issued server command: /gamemode creative
[16:53:17] [Server thread/INFO]: VEX_Jiarg lost connection: Disconnected
[16:53:17] [Server thread/INFO]: VEX_Jiarg left the game
[16:53:29] [Server thread/INFO]: SovietPhenix lost connection: Disconnected
[16:53:29] [Server thread/INFO]: SovietPhenix left the game
[16:54:16] [Craft Scheduler Thread - 1408/INFO]: [MysqlEcoBridge] Saving online players data...
[16:54:16] [Craft Scheduler Thread - 1408/INFO]: [MysqlEcoBridge] Data save complete for 1 players.
[16:55:05] [User Authenticator #9/INFO]: UUID of player SovietPhenix is 2943bbcd-92cf-3f64-ae2a-98d36ef37551
[16:55:06] [Server thread/INFO]: SovietPhenix joined the game
[16:55:06] [Server thread/INFO]: SovietPhenix[/127.0.0.1:61207] logged in with entity id 419 at ([world]-106.47425672147119, 103.87371549747446, -91.20523033508903)
[16:55:14] [Server thread/INFO]: SovietPhenix issued server command: /gamemode survival
[16:55:24] [Server thread/INFO]: SovietPhenix issued server command: /gamemode creative
[16:57:16] [Craft Scheduler Thread - 1420/INFO]: [MysqlEcoBridge] Saving online players data...
[16:57:16] [Craft Scheduler Thread - 1420/INFO]: [MysqlEcoBridge] Data save complete for 2 players.
[17:00:16] [Craft Scheduler Thread - 1432/INFO]: [MysqlEcoBridge] Saving online players data...
[17:00:16] [Craft Scheduler Thread - 1432/INFO]: [MysqlEcoBridge] Data save complete for 2 players.
[17:00:36] [Craft Scheduler Thread - 1433/INFO]: [Vault] Checking for Updates ... 
[17:00:37] [Craft Scheduler Thread - 1433/INFO]: [Vault] No new version available
[17:03:16] [Craft Scheduler Thread - 1443/INFO]: [MysqlEcoBridge] Saving online players data...
[17:03:16] [Craft Scheduler Thread - 1443/INFO]: [MysqlEcoBridge] Data save complete for 2 players.
[17:06:16] [Craft Scheduler Thread - 1455/INFO]: [MysqlEcoBridge] Saving online players data...
[17:06:16] [Craft Scheduler Thread - 1455/INFO]: [MysqlEcoBridge] Data save complete for 2 players.
[17:09:16] [Craft Scheduler Thread - 1467/INFO]: [MysqlEcoBridge] Saving online players data...
[17:09:16] [Craft Scheduler Thread - 1467/INFO]: [MysqlEcoBridge] Data save complete for 2 players.
[17:12:16] [Craft Scheduler Thread - 1479/INFO]: [MysqlEcoBridge] Saving online players data...
[17:12:16] [Craft Scheduler Thread - 1479/INFO]: [MysqlEcoBridge] Data save complete for 2 players.
[17:15:16] [Craft Scheduler Thread - 1492/INFO]: [MysqlEcoBridge] Saving online players data...
[17:15:16] [Craft Scheduler Thread - 1492/INFO]: [MysqlEcoBridge] Data save complete for 2 players.
[17:18:16] [Craft Scheduler Thread - 1503/INFO]: [MysqlEcoBridge] Saving online players data...
[17:18:16] [Craft Scheduler Thread - 1503/INFO]: [MysqlEcoBridge] Data save complete for 2 players.
[17:18:17] [Server thread/INFO]: Stopping the server
[17:18:17] [Server thread/INFO]: Stopping server
[17:18:17] [Server thread/INFO]: [EssentialsChat] Disabling EssentialsChat v2.17.2.0
[17:18:17] [Server thread/INFO]: [EssentialsSpawn] Disabling EssentialsSpawn v2.17.2.0
[17:18:17] [Server thread/INFO]: [EssentialsProtect] Disabling EssentialsProtect v2.17.2.0
[17:18:17] [Server thread/INFO]: [Essentials] Disabling Essentials v2.17.2.0
[17:18:17] [Server thread/INFO]: [Vault] [Vault][Economy] Essentials Economy unhooked.
[17:18:17] [Server thread/INFO]: [MysqlEcoBridge] Disabling MysqlEcoBridge v3.4.1
[17:18:17] [Server thread/INFO]: [MysqlEcoBridge] Saving online players data...
[17:18:17] [Server thread/INFO]: [MysqlEcoBridge] Data save complete for 2 players.
[17:18:17] [Server thread/INFO]: [MysqlEcoBridge] Closing database connection...
[17:18:17] [Server thread/INFO]: [MysqlEcoBridge] MysqlEcoBridge is disabled!
[17:18:17] [Server thread/INFO]: [IPortal] Disabling IPortal v1.13
[17:18:17] [Server thread/INFO]: [iPortal] IPortal has been disabled!
[17:18:17] [Server thread/INFO]: [WorldGuard] Disabling WorldGuard v7.0.2-SNAPSHOT;bf2593e
[17:18:17] [Server thread/INFO]: [WorldGuard] Shutting down executor and cancelling any pending tasks...
[17:18:17] [Server thread/INFO]: [Multiverse-Core] Disabling Multiverse-Core v4.1.0-b775
[17:18:17] [Server thread/INFO]: [ServerSelectorX] Disabling ServerSelectorX v3.5.4
[17:18:17] [Server thread/INFO]: [Vault] Disabling Vault v1.7.2-b107
[17:18:17] [Server thread/INFO]: WEPIF: Vault detected! Using Vault for permissions
[17:18:17] [Server thread/INFO]: [WorldEdit] Disabling WorldEdit v7.1.0;8e55131
[17:18:17] [Server thread/INFO]: Unregistering com.sk89q.worldedit.bukkit.BukkitServerInterface from WorldEdit
[17:18:17] [Server thread/INFO]: [LuckPerms] Disabling LuckPerms v5.0.72
[17:18:17] [Server thread/INFO]: [LuckPerms] Starting shutdown process...
[17:18:17] [Server thread/INFO]: [LuckPerms] Closing storage...
[17:18:17] [Server thread/INFO]: [LuckPerms] Goodbye!
[17:18:22] [Server thread/ERROR]: Nag author: 'Derkades' of 'ServerSelectorX' about the following: This plugin is not properly shutting down its async tasks when it is being shut down. This task may throw errors during the final shutdown logs and might not complete before process dies.
[17:18:22] [Server thread/INFO]: Saving players
[17:18:22] [Server thread/INFO]: dudesentee lost connection: Server closed
[17:18:22] [Server thread/INFO]: dudesentee left the game
[17:18:22] [Server thread/INFO]: SovietPhenix lost connection: Server closed
[17:18:22] [Server thread/INFO]: SovietPhenix left the game
[17:18:22] [Server thread/INFO]: Saving worlds
[17:18:22] [Server thread/INFO]: Saving chunks for level 'world'/minecraft:overworld
[17:18:23] [Server thread/INFO]: ThreadedAnvilChunkStorage (world): All chunks are saved
[17:18:23] [Server thread/INFO]: Saving chunks for level 'world_the_end'/minecraft:the_end
[17:18:23] [Server thread/INFO]: ThreadedAnvilChunkStorage (DIM1): All chunks are saved
[17:18:23] [Server thread/INFO]: ThreadedAnvilChunkStorage (world): All chunks are saved
[17:18:23] [Server thread/INFO]: ThreadedAnvilChunkStorage (DIM1): All chunks are saved
[17:18:23] [Server thread/INFO]: Flushing Chunk IO
[17:18:23] [Server thread/INFO]: Closing Thread Pool
[17:18:23] [Server thread/INFO]: Closing Server
