[22:12:44] [Server thread/INFO]: Starting minecraft server version 1.15.2
[22:12:44] [Server thread/INFO]: Loading properties
[22:12:44] [Server thread/INFO]: This server is running Paper version git-Paper-122 (MC: 1.15.2) (Implementing API version 1.15.2-R0.1-SNAPSHOT)
[22:12:44] [Server thread/INFO]: Debug logging is disabled
[22:12:44] [Server thread/INFO]: Server Ping Player Sample Count: 12
[22:12:44] [Server thread/INFO]: Using 4 threads for Netty based IO
[22:12:44] [Server thread/INFO]: Default game type: SURVIVAL
[22:12:44] [Server thread/INFO]: Generating keypair
[22:12:45] [Server thread/INFO]: Starting Minecraft server on *:25567
[22:12:45] [Server thread/INFO]: Using default channel type
[22:12:46] [Server thread/INFO]: Server permissions file permissions.yml is empty, ignoring it
[22:12:46] [Server thread/WARN]: **** SERVER IS RUNNING IN OFFLINE/INSECURE MODE!
[22:12:46] [Server thread/WARN]: The server will make no attempt to authenticate usernames. Beware.
[22:12:46] [Server thread/WARN]: While this makes the game possible to play without internet access, it also opens up the ability for hackers to connect with any username they choose.
[22:12:46] [Server thread/WARN]: To change this, set "online-mode" to "true" in the server.properties file.
[22:12:46] [Server thread/INFO]: Preparing level "world"
[22:12:46] [Server thread/INFO]: Reloading ResourceManager: Default, bukkit
[22:12:47] [Server thread/INFO]: Loaded 6 recipes
[22:12:50] [Server thread/INFO]: -------- World Settings For [world] --------
[22:12:50] [Server thread/INFO]: View Distance: 10
[22:12:50] [Server thread/INFO]: Arrow Despawn Rate: 1200 Trident Respawn Rate:1200
[22:12:50] [Server thread/INFO]: Item Merge Radius: 2.5
[22:12:50] [Server thread/INFO]: Item Despawn Rate: 6000
[22:12:50] [Server thread/INFO]: Allow Zombie Pigmen to spawn from portal blocks: true
[22:12:50] [Server thread/INFO]: Zombie Aggressive Towards Villager: true
[22:12:50] [Server thread/INFO]: Nerfing mobs spawned from spawners: false
[22:12:50] [Server thread/INFO]: Experience Merge Radius: 3.0
[22:12:50] [Server thread/INFO]: Cactus Growth Modifier: 100%
[22:12:50] [Server thread/INFO]: Cane Growth Modifier: 100%
[22:12:50] [Server thread/INFO]: Melon Growth Modifier: 100%
[22:12:50] [Server thread/INFO]: Mushroom Growth Modifier: 100%
[22:12:50] [Server thread/INFO]: Pumpkin Growth Modifier: 100%
[22:12:50] [Server thread/INFO]: Sapling Growth Modifier: 100%
[22:12:50] [Server thread/INFO]: Beetroot Growth Modifier: 100%
[22:12:50] [Server thread/INFO]: Carrot Growth Modifier: 100%
[22:12:50] [Server thread/INFO]: Potato Growth Modifier: 100%
[22:12:50] [Server thread/INFO]: Wheat Growth Modifier: 100%
[22:12:50] [Server thread/INFO]: NetherWart Growth Modifier: 100%
[22:12:50] [Server thread/INFO]: Vine Growth Modifier: 100%
[22:12:50] [Server thread/INFO]: Cocoa Growth Modifier: 100%
[22:12:50] [Server thread/INFO]: Bamboo Growth Modifier: 100%
[22:12:50] [Server thread/INFO]: SweetBerry Growth Modifier: 100%
[22:12:50] [Server thread/INFO]: Kelp Growth Modifier: 100%
[22:12:50] [Server thread/INFO]: Mob Spawn Range: 8
[22:12:50] [Server thread/INFO]: Max TNT Explosions: 100
[22:12:50] [Server thread/INFO]: Hopper Transfer: 8 Hopper Check: 1 Hopper Amount: 1
[22:12:50] [Server thread/INFO]: Entity Tracking Range: Pl 48 / An 48 / Mo 48 / Mi 32 / Other 64
[22:12:50] [Server thread/INFO]: Entity Activation Range: An 32 / Mo 32 / Ra 48 / Mi 16 / Tiv true
[22:12:50] [Server thread/INFO]: Tile Max Tick Time: 50ms Entity max Tick Time: 50ms
[22:12:50] [Server thread/INFO]: Custom Map Seeds:  Village: 10387312 Desert: 14357617 Igloo: 14357618 Jungle: 14357619 Swamp: 14357620 Monument: 10387313 Ocean: 14357621 Shipwreck: 165745295 Slime: 987234911
[22:12:51] [Server thread/INFO]: -------- World Settings For [world_nether] --------
[22:12:51] [Server thread/INFO]: View Distance: 10
[22:12:51] [Server thread/INFO]: Arrow Despawn Rate: 1200 Trident Respawn Rate:1200
[22:12:51] [Server thread/INFO]: Item Merge Radius: 2.5
[22:12:51] [Server thread/INFO]: Item Despawn Rate: 6000
[22:12:51] [Server thread/INFO]: Allow Zombie Pigmen to spawn from portal blocks: true
[22:12:51] [Server thread/INFO]: Zombie Aggressive Towards Villager: true
[22:12:51] [Server thread/INFO]: Nerfing mobs spawned from spawners: false
[22:12:51] [Server thread/INFO]: Experience Merge Radius: 3.0
[22:12:51] [Server thread/INFO]: Cactus Growth Modifier: 100%
[22:12:51] [Server thread/INFO]: Cane Growth Modifier: 100%
[22:12:51] [Server thread/INFO]: Melon Growth Modifier: 100%
[22:12:51] [Server thread/INFO]: Mushroom Growth Modifier: 100%
[22:12:51] [Server thread/INFO]: Pumpkin Growth Modifier: 100%
[22:12:51] [Server thread/INFO]: Sapling Growth Modifier: 100%
[22:12:51] [Server thread/INFO]: Beetroot Growth Modifier: 100%
[22:12:51] [Server thread/INFO]: Carrot Growth Modifier: 100%
[22:12:51] [Server thread/INFO]: Potato Growth Modifier: 100%
[22:12:51] [Server thread/INFO]: Wheat Growth Modifier: 100%
[22:12:51] [Server thread/INFO]: NetherWart Growth Modifier: 100%
[22:12:51] [Server thread/INFO]: Vine Growth Modifier: 100%
[22:12:51] [Server thread/INFO]: Cocoa Growth Modifier: 100%
[22:12:51] [Server thread/INFO]: Bamboo Growth Modifier: 100%
[22:12:51] [Server thread/INFO]: SweetBerry Growth Modifier: 100%
[22:12:51] [Server thread/INFO]: Kelp Growth Modifier: 100%
[22:12:51] [Server thread/INFO]: Mob Spawn Range: 8
[22:12:51] [Server thread/INFO]: Max TNT Explosions: 100
[22:12:51] [Server thread/INFO]: Hopper Transfer: 8 Hopper Check: 1 Hopper Amount: 1
[22:12:51] [Server thread/INFO]: Entity Tracking Range: Pl 48 / An 48 / Mo 48 / Mi 32 / Other 64
[22:12:51] [Server thread/INFO]: Entity Activation Range: An 32 / Mo 32 / Ra 48 / Mi 16 / Tiv true
[22:12:51] [Server thread/INFO]: Tile Max Tick Time: 50ms Entity max Tick Time: 50ms
[22:12:51] [Server thread/INFO]: Custom Map Seeds:  Village: 10387312 Desert: 14357617 Igloo: 14357618 Jungle: 14357619 Swamp: 14357620 Monument: 10387313 Ocean: 14357621 Shipwreck: 165745295 Slime: 987234911
[22:12:52] [Server thread/INFO]: -------- World Settings For [world_the_end] --------
[22:12:52] [Server thread/INFO]: View Distance: 10
[22:12:52] [Server thread/INFO]: Arrow Despawn Rate: 1200 Trident Respawn Rate:1200
[22:12:52] [Server thread/INFO]: Item Merge Radius: 2.5
[22:12:52] [Server thread/INFO]: Item Despawn Rate: 6000
[22:12:52] [Server thread/INFO]: Allow Zombie Pigmen to spawn from portal blocks: true
[22:12:52] [Server thread/INFO]: Zombie Aggressive Towards Villager: true
[22:12:52] [Server thread/INFO]: Nerfing mobs spawned from spawners: false
[22:12:52] [Server thread/INFO]: Experience Merge Radius: 3.0
[22:12:52] [Server thread/INFO]: Cactus Growth Modifier: 100%
[22:12:52] [Server thread/INFO]: Cane Growth Modifier: 100%
[22:12:52] [Server thread/INFO]: Melon Growth Modifier: 100%
[22:12:52] [Server thread/INFO]: Mushroom Growth Modifier: 100%
[22:12:52] [Server thread/INFO]: Pumpkin Growth Modifier: 100%
[22:12:52] [Server thread/INFO]: Sapling Growth Modifier: 100%
[22:12:52] [Server thread/INFO]: Beetroot Growth Modifier: 100%
[22:12:52] [Server thread/INFO]: Carrot Growth Modifier: 100%
[22:12:52] [Server thread/INFO]: Potato Growth Modifier: 100%
[22:12:52] [Server thread/INFO]: Wheat Growth Modifier: 100%
[22:12:52] [Server thread/INFO]: NetherWart Growth Modifier: 100%
[22:12:52] [Server thread/INFO]: Vine Growth Modifier: 100%
[22:12:52] [Server thread/INFO]: Cocoa Growth Modifier: 100%
[22:12:52] [Server thread/INFO]: Bamboo Growth Modifier: 100%
[22:12:52] [Server thread/INFO]: SweetBerry Growth Modifier: 100%
[22:12:52] [Server thread/INFO]: Kelp Growth Modifier: 100%
[22:12:52] [Server thread/INFO]: Mob Spawn Range: 8
[22:12:52] [Server thread/INFO]: Max TNT Explosions: 100
[22:12:52] [Server thread/INFO]: Hopper Transfer: 8 Hopper Check: 1 Hopper Amount: 1
[22:12:52] [Server thread/INFO]: Entity Tracking Range: Pl 48 / An 48 / Mo 48 / Mi 32 / Other 64
[22:12:52] [Server thread/INFO]: Entity Activation Range: An 32 / Mo 32 / Ra 48 / Mi 16 / Tiv true
[22:12:52] [Server thread/INFO]: Tile Max Tick Time: 50ms Entity max Tick Time: 50ms
[22:12:52] [Server thread/INFO]: Custom Map Seeds:  Village: 10387312 Desert: 14357617 Igloo: 14357618 Jungle: 14357619 Swamp: 14357620 Monument: 10387313 Ocean: 14357621 Shipwreck: 165745295 Slime: 987234911
[22:12:52] [Server thread/INFO]: Preparing start region for dimension 'world'/minecraft:overworld
[22:12:53] [Server thread/INFO]: Preparing spawn area: 0%
[22:12:53] [Server thread/INFO]: Preparing spawn area: 0%
[22:12:53] [Server thread/INFO]: Preparing spawn area: 0%
[22:13:03] [Server-Worker-1/INFO]: Preparing spawn area: 0%
[22:13:03] [Server-Worker-3/INFO]: Preparing spawn area: 0%
[22:13:03] [Server-Worker-4/INFO]: Preparing spawn area: 0%
[22:13:03] [Server-Worker-3/INFO]: Preparing spawn area: 0%
[22:13:03] [Server-Worker-1/INFO]: Preparing spawn area: 0%
[22:13:03] [Server-Worker-4/INFO]: Preparing spawn area: 0%
[22:13:03] [Server-Worker-3/INFO]: Preparing spawn area: 0%
[22:13:03] [Server-Worker-4/INFO]: Preparing spawn area: 0%
[22:13:03] [Server-Worker-3/INFO]: Preparing spawn area: 0%
[22:13:03] [Server-Worker-3/INFO]: Preparing spawn area: 0%
[22:13:03] [Server-Worker-6/INFO]: Preparing spawn area: 0%
[22:13:03] [Server-Worker-6/INFO]: Preparing spawn area: 0%
[22:13:03] [Server-Worker-6/INFO]: Preparing spawn area: 0%
[22:13:03] [Server-Worker-5/INFO]: Preparing spawn area: 0%
[22:13:03] [Server-Worker-3/INFO]: Preparing spawn area: 0%
[22:13:03] [Server-Worker-5/INFO]: Preparing spawn area: 0%
[22:13:03] [Server-Worker-5/INFO]: Preparing spawn area: 0%
[22:13:03] [Server-Worker-3/INFO]: Preparing spawn area: 0%
[22:13:03] [Server-Worker-2/INFO]: Preparing spawn area: 0%
[22:13:03] [Server-Worker-6/INFO]: Preparing spawn area: 0%
[22:13:04] [Server thread/INFO]: Preparing spawn area: 1%
[22:13:04] [Server thread/INFO]: Preparing spawn area: 1%
[22:13:09] [Server-Worker-4/INFO]: Preparing spawn area: 100%
[22:13:09] [Server-Worker-1/INFO]: Preparing spawn area: 100%
[22:13:09] [Server-Worker-4/INFO]: Preparing spawn area: 100%
[22:13:09] [Server-Worker-2/INFO]: Preparing spawn area: 100%
[22:13:09] [Server-Worker-2/INFO]: Preparing spawn area: 100%
[22:13:09] [Server-Worker-2/INFO]: Preparing spawn area: 100%
[22:13:09] [Server-Worker-2/INFO]: Preparing spawn area: 100%
[22:13:09] [Server-Worker-3/INFO]: Preparing spawn area: 100%
[22:13:09] [Server-Worker-4/INFO]: Preparing spawn area: 100%
[22:13:09] [Server-Worker-3/INFO]: Preparing spawn area: 100%
[22:13:09] [Server-Worker-2/INFO]: Preparing spawn area: 100%
[22:13:10] [Server-Worker-6/INFO]: Preparing spawn area: 100%
[22:13:10] [Server-Worker-3/INFO]: Preparing spawn area: 100%
[22:13:11] [Server thread/INFO]: Preparing spawn area: 100%
[22:13:11] [Server-Worker-4/INFO]: Preparing spawn area: 100%
[22:13:12] [Server-Worker-6/INFO]: Preparing spawn area: 100%
[22:13:12] [Server-Worker-1/INFO]: Preparing spawn area: 100%
[22:13:13] [Server-Worker-3/INFO]: Preparing spawn area: 100%
[22:13:13] [Server-Worker-5/INFO]: Preparing spawn area: 100%
[22:13:14] [Server-Worker-5/INFO]: Preparing spawn area: 100%
[22:13:15] [Server thread/INFO]: Preparing spawn area: 100%
[22:13:15] [Server thread/INFO]: Preparing spawn area: 100%
[22:13:15] [Server-Worker-4/INFO]: Preparing spawn area: 100%
[22:13:16] [Server thread/INFO]: Preparing spawn area: 100%
[22:13:16] [Server thread/INFO]: Preparing spawn area: 100%
[22:13:17] [Server thread/INFO]: Loaded 441 spawn chunks for world world
[22:13:17] [Server thread/INFO]: Time elapsed: 24639 ms
[22:13:17] [Server thread/INFO]: Preparing start region for dimension 'world_nether'/minecraft:the_nether
[22:13:17] [Server thread/INFO]: Preparing spawn area: 0%
[22:13:17] [Server thread/INFO]: Preparing spawn area: 84%
[22:13:18] [Server-Worker-6/INFO]: Preparing spawn area: 100%
[22:13:18] [Server-Worker-1/INFO]: Preparing spawn area: 100%
[22:13:19] [Server-Worker-4/INFO]: Preparing spawn area: 100%
[22:13:19] [Server-Worker-5/INFO]: Preparing spawn area: 100%
[22:13:20] [Server thread/INFO]: Preparing spawn area: 100%
[22:13:20] [Server-Worker-4/INFO]: Preparing spawn area: 100%
[22:13:21] [Server-Worker-1/INFO]: Preparing spawn area: 100%
[22:13:21] [Server thread/INFO]: Preparing spawn area: 100%
[22:13:21] [Server thread/INFO]: Loaded 441 spawn chunks for world world_nether
[22:13:21] [Server thread/INFO]: Time elapsed: 4753 ms
[22:13:21] [Server thread/INFO]: Preparing start region for dimension 'world_the_end'/minecraft:the_end
[22:13:21] [Server thread/INFO]: Preparing spawn area: 0%
[22:13:22] [Server thread/INFO]: Preparing spawn area: 93%
[22:13:22] [Server-Worker-2/INFO]: Preparing spawn area: 100%
[22:13:23] [Server-Worker-5/INFO]: Preparing spawn area: 100%
[22:13:23] [Server-Worker-5/INFO]: Preparing spawn area: 100%
[22:13:24] [Server thread/INFO]: Loaded 441 spawn chunks for world world_the_end
[22:13:24] [Server thread/INFO]: Time elapsed: 2192 ms
[22:13:24] [Server thread/INFO]: Done (38.100s)! For help, type "help"
[22:13:24] [Server thread/INFO]: Timings Reset
[22:15:31] [User Authenticator #1/INFO]: UUID of player dudesentee is aab764fe-6dd0-3705-a28a-86ae47e1c0b6
[22:15:31] [Server thread/INFO]: dudesentee[/127.0.0.1:64217] logged in with entity id 207 at ([world]36.8293634253422, 67.0, 3.439425578480445)
