[20:04:50] [Server thread/INFO]: Starting minecraft server version 1.15.2
[20:04:50] [Server thread/INFO]: Loading properties
[20:04:50] [Server thread/INFO]: This server is running Paper version git-Paper-122 (MC: 1.15.2) (Implementing API version 1.15.2-R0.1-SNAPSHOT)
[20:04:51] [Server thread/INFO]: Debug logging is disabled
[20:04:51] [Server thread/INFO]: Server Ping Player Sample Count: 12
[20:04:51] [Server thread/INFO]: Using 4 threads for Netty based IO
[20:04:51] [Server thread/INFO]: Default game type: SURVIVAL
[20:04:51] [Server thread/INFO]: Generating keypair
[20:04:51] [Server thread/INFO]: Starting Minecraft server on *:25568
[20:04:51] [Server thread/INFO]: Using default channel type
[20:04:53] [Server thread/INFO]: [LuckPerms] Loading LuckPerms v5.0.72
[20:04:53] [Server thread/INFO]: [WorldEdit] Loading WorldEdit v7.1.0;8e55131
[20:04:54] [Server thread/INFO]: Got request to register class com.sk89q.worldedit.bukkit.BukkitServerInterface with WorldEdit [com.sk89q.worldedit.extension.platform.PlatformManager@32a13122]
[20:04:54] [Server thread/INFO]: [Vault] Loading Vault v1.7.2-b107
[20:04:54] [Server thread/INFO]: [Multiverse-Core] Loading Multiverse-Core v4.1.0-b775
[20:04:54] [Server thread/INFO]: [WorldGuard] Loading WorldGuard v7.0.2-SNAPSHOT;bf2593e
[20:04:54] [Server thread/INFO]: [HungerGames] Loading HungerGames v4.13.8
[20:04:54] [Server thread/INFO]: [IPortal] Loading IPortal v1.13
[20:04:54] [Server thread/INFO]: [Essentials] Loading Essentials v2.17.2.0
[20:04:54] [Server thread/INFO]: [EssentialsSpawn] Loading EssentialsSpawn v2.17.2.0
[20:04:54] [Server thread/INFO]: [EssentialsChat] Loading EssentialsChat v2.17.2.0
[20:04:54] [Server thread/INFO]: Server permissions file permissions.yml is empty, ignoring it
[20:04:54] [Server thread/INFO]: [LuckPerms] Enabling LuckPerms v5.0.72
[20:04:54] [Server thread/INFO]:         __    
[20:04:54] [Server thread/INFO]:   |    |__)   LuckPerms v5.0.72
[20:04:54] [Server thread/INFO]:   |___ |      Running on Bukkit - Paper
[20:04:54] [Server thread/INFO]: 
[20:04:54] [Server thread/INFO]: [LuckPerms] Loading configuration...
[20:04:57] [Server thread/INFO]: [LuckPerms] Loading storage provider... [H2]
[20:04:58] [Server thread/INFO]: [LuckPerms] Loading internal permission managers...
[20:04:59] [Server thread/INFO]: [LuckPerms] Performing initial data load...
[20:04:59] [Server thread/INFO]: [LuckPerms] Successfully enabled. (took 5465ms)
[20:04:59] [Server thread/INFO]: [WorldEdit] Enabling WorldEdit v7.1.0;8e55131
[20:05:00] [Server thread/WARN]: [WorldEdit] Loaded class net.milkbowl.vault.permission.Permission from Vault v1.7.2-b107 which is not a depend, softdepend or loadbefore of this plugin.
[20:05:00] [Server thread/INFO]: WEPIF: Using the Bukkit Permissions API.
[20:05:01] [Server thread/INFO]: Using com.sk89q.worldedit.bukkit.adapter.impl.Spigot_v1_15_R2 as the Bukkit adapter
[20:05:02] [Server thread/INFO]: [Vault] Enabling Vault v1.7.2-b107
[20:05:02] [Server thread/WARN]: [Vault] Loaded class com.earth2me.essentials.api.Economy from Essentials v2.17.2.0 which is not a depend, softdepend or loadbefore of this plugin.
[20:05:02] [Server thread/INFO]: [Vault] [Economy] Essentials Economy found: Waiting
[20:05:02] [Server thread/INFO]: [Vault] [Permission] SuperPermissions loaded as backup permission system.
[20:05:02] [Server thread/INFO]: [Vault] Enabled Version 1.7.2-b107
[20:05:02] [Server thread/WARN]: [LuckPerms] Loaded class net.milkbowl.vault.permission.Permission from Vault v1.7.2-b107 which is not a depend, softdepend or loadbefore of this plugin.
[20:05:02] [Server thread/INFO]: [LuckPerms] Registered Vault permission & chat hook.
[20:05:02] [Server thread/INFO]: WEPIF: Vault detected! Using Vault for permissions
[20:05:02] [Server thread/WARN]: **** SERVER IS RUNNING IN OFFLINE/INSECURE MODE!
[20:05:02] [Server thread/WARN]: The server will make no attempt to authenticate usernames. Beware.
[20:05:02] [Server thread/WARN]: While this makes the game possible to play without internet access, it also opens up the ability for hackers to connect with any username they choose.
[20:05:02] [Server thread/WARN]: To change this, set "online-mode" to "true" in the server.properties file.
[20:05:02] [Server thread/INFO]: Preparing level "world"
[20:05:03] [Server thread/INFO]: Reloading ResourceManager: Default, bukkit
[20:05:04] [Server thread/INFO]: Loaded 6 recipes
[20:05:05] [Server thread/INFO]: -------- World Settings For [world] --------
[20:05:05] [Server thread/INFO]: View Distance: 10
[20:05:05] [Server thread/INFO]: Nerfing mobs spawned from spawners: false
[20:05:05] [Server thread/INFO]: Allow Zombie Pigmen to spawn from portal blocks: true
[20:05:05] [Server thread/INFO]: Arrow Despawn Rate: 1200 Trident Respawn Rate:1200
[20:05:05] [Server thread/INFO]: Item Despawn Rate: 6000
[20:05:05] [Server thread/INFO]: Item Merge Radius: 2.5
[20:05:05] [Server thread/INFO]: Entity Tracking Range: Pl 48 / An 48 / Mo 48 / Mi 32 / Other 64
[20:05:05] [Server thread/INFO]: Max TNT Explosions: 100
[20:05:05] [Server thread/INFO]: Tile Max Tick Time: 50ms Entity max Tick Time: 50ms
[20:05:05] [Server thread/INFO]: Hopper Transfer: 8 Hopper Check: 1 Hopper Amount: 1
[20:05:05] [Server thread/INFO]: Entity Activation Range: An 32 / Mo 32 / Ra 48 / Mi 16 / Tiv true
[20:05:05] [Server thread/INFO]: Custom Map Seeds:  Village: 10387312 Desert: 14357617 Igloo: 14357618 Jungle: 14357619 Swamp: 14357620 Monument: 10387313 Ocean: 14357621 Shipwreck: 165745295 Slime: 987234911
[20:05:05] [Server thread/INFO]: Experience Merge Radius: 3.0
[20:05:05] [Server thread/INFO]: Cactus Growth Modifier: 100%
[20:05:05] [Server thread/INFO]: Cane Growth Modifier: 100%
[20:05:05] [Server thread/INFO]: Melon Growth Modifier: 100%
[20:05:05] [Server thread/INFO]: Mushroom Growth Modifier: 100%
[20:05:05] [Server thread/INFO]: Pumpkin Growth Modifier: 100%
[20:05:05] [Server thread/INFO]: Sapling Growth Modifier: 100%
[20:05:05] [Server thread/INFO]: Beetroot Growth Modifier: 100%
[20:05:05] [Server thread/INFO]: Carrot Growth Modifier: 100%
[20:05:05] [Server thread/INFO]: Potato Growth Modifier: 100%
[20:05:05] [Server thread/INFO]: Wheat Growth Modifier: 100%
[20:05:05] [Server thread/INFO]: NetherWart Growth Modifier: 100%
[20:05:05] [Server thread/INFO]: Vine Growth Modifier: 100%
[20:05:05] [Server thread/INFO]: Cocoa Growth Modifier: 100%
[20:05:05] [Server thread/INFO]: Bamboo Growth Modifier: 100%
[20:05:05] [Server thread/INFO]: SweetBerry Growth Modifier: 100%
[20:05:05] [Server thread/INFO]: Kelp Growth Modifier: 100%
[20:05:05] [Server thread/INFO]: Mob Spawn Range: 8
[20:05:05] [Server thread/INFO]: Zombie Aggressive Towards Villager: true
[20:05:06] [Server thread/INFO]: Registering commands with com.sk89q.worldedit.bukkit.BukkitServerInterface
[20:05:06] [Server thread/INFO]: -------- World Settings For [world_nether] --------
[20:05:06] [Server thread/INFO]: View Distance: 10
[20:05:06] [Server thread/INFO]: Nerfing mobs spawned from spawners: false
[20:05:06] [Server thread/INFO]: Allow Zombie Pigmen to spawn from portal blocks: true
[20:05:06] [Server thread/INFO]: Arrow Despawn Rate: 1200 Trident Respawn Rate:1200
[20:05:06] [Server thread/INFO]: Item Despawn Rate: 6000
[20:05:06] [Server thread/INFO]: Item Merge Radius: 2.5
[20:05:06] [Server thread/INFO]: Entity Tracking Range: Pl 48 / An 48 / Mo 48 / Mi 32 / Other 64
[20:05:06] [Server thread/INFO]: Max TNT Explosions: 100
[20:05:06] [Server thread/INFO]: Tile Max Tick Time: 50ms Entity max Tick Time: 50ms
[20:05:06] [Server thread/INFO]: Hopper Transfer: 8 Hopper Check: 1 Hopper Amount: 1
[20:05:06] [Server thread/INFO]: Entity Activation Range: An 32 / Mo 32 / Ra 48 / Mi 16 / Tiv true
[20:05:06] [Server thread/INFO]: Custom Map Seeds:  Village: 10387312 Desert: 14357617 Igloo: 14357618 Jungle: 14357619 Swamp: 14357620 Monument: 10387313 Ocean: 14357621 Shipwreck: 165745295 Slime: 987234911
[20:05:06] [Server thread/INFO]: Experience Merge Radius: 3.0
[20:05:06] [Server thread/INFO]: Cactus Growth Modifier: 100%
[20:05:06] [Server thread/INFO]: Cane Growth Modifier: 100%
[20:05:06] [Server thread/INFO]: Melon Growth Modifier: 100%
[20:05:06] [Server thread/INFO]: Mushroom Growth Modifier: 100%
[20:05:06] [Server thread/INFO]: Pumpkin Growth Modifier: 100%
[20:05:06] [Server thread/INFO]: Sapling Growth Modifier: 100%
[20:05:06] [Server thread/INFO]: Beetroot Growth Modifier: 100%
[20:05:06] [Server thread/INFO]: Carrot Growth Modifier: 100%
[20:05:06] [Server thread/INFO]: Potato Growth Modifier: 100%
[20:05:06] [Server thread/INFO]: Wheat Growth Modifier: 100%
[20:05:06] [Server thread/INFO]: NetherWart Growth Modifier: 100%
[20:05:06] [Server thread/INFO]: Vine Growth Modifier: 100%
[20:05:06] [Server thread/INFO]: Cocoa Growth Modifier: 100%
[20:05:06] [Server thread/INFO]: Bamboo Growth Modifier: 100%
[20:05:06] [Server thread/INFO]: SweetBerry Growth Modifier: 100%
[20:05:06] [Server thread/INFO]: Kelp Growth Modifier: 100%
[20:05:06] [Server thread/INFO]: Mob Spawn Range: 8
[20:05:06] [Server thread/INFO]: Zombie Aggressive Towards Villager: true
[20:05:07] [Server thread/INFO]: -------- World Settings For [world_the_end] --------
[20:05:07] [Server thread/INFO]: View Distance: 10
[20:05:07] [Server thread/INFO]: Nerfing mobs spawned from spawners: false
[20:05:07] [Server thread/INFO]: Allow Zombie Pigmen to spawn from portal blocks: true
[20:05:07] [Server thread/INFO]: Arrow Despawn Rate: 1200 Trident Respawn Rate:1200
[20:05:07] [Server thread/INFO]: Item Despawn Rate: 6000
[20:05:07] [Server thread/INFO]: Item Merge Radius: 2.5
[20:05:07] [Server thread/INFO]: Entity Tracking Range: Pl 48 / An 48 / Mo 48 / Mi 32 / Other 64
[20:05:07] [Server thread/INFO]: Max TNT Explosions: 100
[20:05:07] [Server thread/INFO]: Tile Max Tick Time: 50ms Entity max Tick Time: 50ms
[20:05:07] [Server thread/INFO]: Hopper Transfer: 8 Hopper Check: 1 Hopper Amount: 1
[20:05:07] [Server thread/INFO]: Entity Activation Range: An 32 / Mo 32 / Ra 48 / Mi 16 / Tiv true
[20:05:07] [Server thread/INFO]: Custom Map Seeds:  Village: 10387312 Desert: 14357617 Igloo: 14357618 Jungle: 14357619 Swamp: 14357620 Monument: 10387313 Ocean: 14357621 Shipwreck: 165745295 Slime: 987234911
[20:05:07] [Server thread/INFO]: Experience Merge Radius: 3.0
[20:05:07] [Server thread/INFO]: Cactus Growth Modifier: 100%
[20:05:07] [Server thread/INFO]: Cane Growth Modifier: 100%
[20:05:07] [Server thread/INFO]: Melon Growth Modifier: 100%
[20:05:07] [Server thread/INFO]: Mushroom Growth Modifier: 100%
[20:05:07] [Server thread/INFO]: Pumpkin Growth Modifier: 100%
[20:05:07] [Server thread/INFO]: Sapling Growth Modifier: 100%
[20:05:07] [Server thread/INFO]: Beetroot Growth Modifier: 100%
[20:05:07] [Server thread/INFO]: Carrot Growth Modifier: 100%
[20:05:07] [Server thread/INFO]: Potato Growth Modifier: 100%
[20:05:07] [Server thread/INFO]: Wheat Growth Modifier: 100%
[20:05:07] [Server thread/INFO]: NetherWart Growth Modifier: 100%
[20:05:07] [Server thread/INFO]: Vine Growth Modifier: 100%
[20:05:07] [Server thread/INFO]: Cocoa Growth Modifier: 100%
[20:05:07] [Server thread/INFO]: Bamboo Growth Modifier: 100%
[20:05:07] [Server thread/INFO]: SweetBerry Growth Modifier: 100%
[20:05:07] [Server thread/INFO]: Kelp Growth Modifier: 100%
[20:05:07] [Server thread/INFO]: Mob Spawn Range: 8
[20:05:07] [Server thread/INFO]: Zombie Aggressive Towards Villager: true
[20:05:08] [Server thread/INFO]: Preparing start region for dimension 'world'/minecraft:overworld
[20:05:08] [Server thread/INFO]: Preparing spawn area: 0%
[20:05:08] [Server thread/INFO]: Preparing spawn area: 0%
[20:05:10] [Server-Worker-3/INFO]: Preparing spawn area: 0%
[20:05:10] [Server-Worker-3/INFO]: Preparing spawn area: 0%
[20:05:10] [Server-Worker-3/INFO]: Preparing spawn area: 0%
[20:05:10] [Server-Worker-2/INFO]: Preparing spawn area: 0%
[20:05:11] [Server thread/INFO]: Preparing spawn area: 100%
[20:05:11] [Server thread/INFO]: Loaded 441 spawn chunks for world world
[20:05:11] [Server thread/INFO]: Time elapsed: 3350 ms
[20:05:11] [Server thread/INFO]: Preparing start region for dimension 'world_nether'/minecraft:the_nether
[20:05:11] [Server thread/INFO]: Preparing spawn area: 0%
[20:05:12] [Server thread/INFO]: Preparing spawn area: 10%
[20:05:12] [Server-Worker-1/INFO]: Preparing spawn area: 100%
[20:05:13] [Server-Worker-5/INFO]: Preparing spawn area: 100%
[20:05:13] [Server-Worker-6/INFO]: Preparing spawn area: 100%
[20:05:14] [Server-Worker-1/INFO]: Preparing spawn area: 100%
[20:05:14] [Server thread/INFO]: Preparing spawn area: 100%
[20:05:15] [Server-Worker-3/INFO]: Preparing spawn area: 100%
[20:05:15] [Server-Worker-4/INFO]: Preparing spawn area: 100%
[20:05:16] [Server-Worker-6/INFO]: Preparing spawn area: 100%
[20:05:16] [Server-Worker-6/INFO]: Preparing spawn area: 100%
[20:05:16] [Server thread/INFO]: Loaded 441 spawn chunks for world world_nether
[20:05:16] [Server thread/INFO]: Time elapsed: 5008 ms
[20:05:16] [Server thread/INFO]: Preparing start region for dimension 'world_the_end'/minecraft:the_end
[20:05:16] [Server thread/INFO]: Preparing spawn area: 0%
[20:05:17] [Server-Worker-6/INFO]: Preparing spawn area: 100%
[20:05:17] [Server-Worker-2/INFO]: Preparing spawn area: 100%
[20:05:18] [Server-Worker-4/INFO]: Preparing spawn area: 100%
[20:05:18] [Server thread/INFO]: Loaded 441 spawn chunks for world world_the_end
[20:05:18] [Server thread/INFO]: Time elapsed: 1962 ms
[20:05:18] [Server thread/INFO]: [Multiverse-Core] Enabling Multiverse-Core v4.1.0-b775
[20:05:18] [Server thread/WARN]: [Multiverse-Core] Loaded class net.milkbowl.vault.economy.Economy from Vault v1.7.2-b107 which is not a depend, softdepend or loadbefore of this plugin.
[20:05:18] [Server thread/WARN]: [Multiverse-Core] "Multiverse-Core v4.1.0-b775" has registered a listener for org.bukkit.event.entity.EntityCreatePortalEvent on method "public void com.onarandombox.MultiverseCore.listeners.MVPortalListener.entityPortalCreate(org.bukkit.event.entity.EntityCreatePortalEvent)", but the event is Deprecated. "Server performance will be affected"; please notify the authors [Rigby, fernferret, lithium3141, main--, dumptruckman].
[20:05:18] [Server thread/INFO]: [Multiverse-Core] We are aware of the warning about the deprecated event. There is no alternative that allows us to do what we need to do. The performance impact is negligible.
[20:05:18] [Server thread/INFO]: -------- World Settings For [hglobby] --------
[20:05:18] [Server thread/INFO]: View Distance: 10
[20:05:18] [Server thread/INFO]: Nerfing mobs spawned from spawners: false
[20:05:18] [Server thread/INFO]: Allow Zombie Pigmen to spawn from portal blocks: true
[20:05:18] [Server thread/INFO]: Arrow Despawn Rate: 1200 Trident Respawn Rate:1200
[20:05:18] [Server thread/INFO]: Item Despawn Rate: 6000
[20:05:18] [Server thread/INFO]: Item Merge Radius: 2.5
[20:05:18] [Server thread/INFO]: Entity Tracking Range: Pl 48 / An 48 / Mo 48 / Mi 32 / Other 64
[20:05:18] [Server thread/INFO]: Max TNT Explosions: 100
[20:05:18] [Server thread/INFO]: Tile Max Tick Time: 50ms Entity max Tick Time: 50ms
[20:05:18] [Server thread/INFO]: Hopper Transfer: 8 Hopper Check: 1 Hopper Amount: 1
[20:05:18] [Server thread/INFO]: Entity Activation Range: An 32 / Mo 32 / Ra 48 / Mi 16 / Tiv true
[20:05:18] [Server thread/INFO]: Custom Map Seeds:  Village: 10387312 Desert: 14357617 Igloo: 14357618 Jungle: 14357619 Swamp: 14357620 Monument: 10387313 Ocean: 14357621 Shipwreck: 165745295 Slime: 987234911
[20:05:18] [Server thread/INFO]: Experience Merge Radius: 3.0
[20:05:18] [Server thread/INFO]: Cactus Growth Modifier: 100%
[20:05:18] [Server thread/INFO]: Cane Growth Modifier: 100%
[20:05:18] [Server thread/INFO]: Melon Growth Modifier: 100%
[20:05:18] [Server thread/INFO]: Mushroom Growth Modifier: 100%
[20:05:18] [Server thread/INFO]: Pumpkin Growth Modifier: 100%
[20:05:18] [Server thread/INFO]: Sapling Growth Modifier: 100%
[20:05:18] [Server thread/INFO]: Beetroot Growth Modifier: 100%
[20:05:18] [Server thread/INFO]: Carrot Growth Modifier: 100%
[20:05:18] [Server thread/INFO]: Potato Growth Modifier: 100%
[20:05:18] [Server thread/INFO]: Wheat Growth Modifier: 100%
[20:05:18] [Server thread/INFO]: NetherWart Growth Modifier: 100%
[20:05:18] [Server thread/INFO]: Vine Growth Modifier: 100%
[20:05:18] [Server thread/INFO]: Cocoa Growth Modifier: 100%
[20:05:18] [Server thread/INFO]: Bamboo Growth Modifier: 100%
[20:05:18] [Server thread/INFO]: SweetBerry Growth Modifier: 100%
[20:05:18] [Server thread/INFO]: Kelp Growth Modifier: 100%
[20:05:18] [Server thread/INFO]: Mob Spawn Range: 8
[20:05:18] [Server thread/INFO]: Zombie Aggressive Towards Villager: true
[20:05:18] [Server thread/INFO]: Preparing start region for dimension 'hglobby'/minecraft:overworld
[20:05:19] [Server thread/INFO]: Preparing spawn area: 0%
[20:05:19] [Server thread/INFO]: Preparing spawn area: 48%
[20:05:23] [Server-Worker-4/INFO]: Preparing spawn area: 100%
[20:05:23] [Server-Worker-1/INFO]: Preparing spawn area: 100%
[20:05:23] [Server-Worker-4/INFO]: Preparing spawn area: 100%
[20:05:23] [Server-Worker-6/INFO]: Preparing spawn area: 100%
[20:05:23] [Server-Worker-6/INFO]: Preparing spawn area: 100%
[20:05:23] [Server-Worker-6/INFO]: Preparing spawn area: 100%
[20:05:23] [Server-Worker-6/INFO]: Preparing spawn area: 100%
[20:05:23] [Server thread/INFO]: Preparing spawn area: 100%
[20:05:23] [Server-Worker-3/INFO]: Preparing spawn area: 100%
[20:05:24] [Server thread/INFO]: Preparing spawn area: 100%
[20:05:24] [Server-Worker-6/INFO]: Preparing spawn area: 100%
[20:05:25] [Server-Worker-3/INFO]: Preparing spawn area: 100%
[20:05:25] [Server thread/INFO]: Preparing spawn area: 100%
[20:05:26] [Server thread/INFO]: Loaded 441 spawn chunks for world hglobby
[20:05:26] [Server thread/INFO]: Time elapsed: 7280 ms
[20:05:26] [Server thread/INFO]: -------- World Settings For [oreCity] --------
[20:05:26] [Server thread/INFO]: View Distance: 10
[20:05:26] [Server thread/INFO]: Nerfing mobs spawned from spawners: false
[20:05:26] [Server thread/INFO]: Allow Zombie Pigmen to spawn from portal blocks: true
[20:05:26] [Server thread/INFO]: Arrow Despawn Rate: 1200 Trident Respawn Rate:1200
[20:05:26] [Server thread/INFO]: Item Despawn Rate: 6000
[20:05:26] [Server thread/INFO]: Item Merge Radius: 2.5
[20:05:26] [Server thread/INFO]: Entity Tracking Range: Pl 48 / An 48 / Mo 48 / Mi 32 / Other 64
[20:05:26] [Server thread/INFO]: Max TNT Explosions: 100
[20:05:26] [Server thread/INFO]: Tile Max Tick Time: 50ms Entity max Tick Time: 50ms
[20:05:26] [Server thread/INFO]: Hopper Transfer: 8 Hopper Check: 1 Hopper Amount: 1
[20:05:26] [Server thread/INFO]: Entity Activation Range: An 32 / Mo 32 / Ra 48 / Mi 16 / Tiv true
[20:05:26] [Server thread/INFO]: Custom Map Seeds:  Village: 10387312 Desert: 14357617 Igloo: 14357618 Jungle: 14357619 Swamp: 14357620 Monument: 10387313 Ocean: 14357621 Shipwreck: 165745295 Slime: 987234911
[20:05:26] [Server thread/INFO]: Experience Merge Radius: 3.0
[20:05:26] [Server thread/INFO]: Cactus Growth Modifier: 100%
[20:05:26] [Server thread/INFO]: Cane Growth Modifier: 100%
[20:05:26] [Server thread/INFO]: Melon Growth Modifier: 100%
[20:05:26] [Server thread/INFO]: Mushroom Growth Modifier: 100%
[20:05:26] [Server thread/INFO]: Pumpkin Growth Modifier: 100%
[20:05:26] [Server thread/INFO]: Sapling Growth Modifier: 100%
[20:05:26] [Server thread/INFO]: Beetroot Growth Modifier: 100%
[20:05:26] [Server thread/INFO]: Carrot Growth Modifier: 100%
[20:05:26] [Server thread/INFO]: Potato Growth Modifier: 100%
[20:05:26] [Server thread/INFO]: Wheat Growth Modifier: 100%
[20:05:26] [Server thread/INFO]: NetherWart Growth Modifier: 100%
[20:05:26] [Server thread/INFO]: Vine Growth Modifier: 100%
[20:05:26] [Server thread/INFO]: Cocoa Growth Modifier: 100%
[20:05:26] [Server thread/INFO]: Bamboo Growth Modifier: 100%
[20:05:26] [Server thread/INFO]: SweetBerry Growth Modifier: 100%
[20:05:26] [Server thread/INFO]: Kelp Growth Modifier: 100%
[20:05:26] [Server thread/INFO]: Mob Spawn Range: 8
[20:05:26] [Server thread/INFO]: Zombie Aggressive Towards Villager: true
[20:05:26] [Server thread/INFO]: Preparing start region for dimension 'oreCity'/minecraft:overworld
[20:05:26] [Server thread/INFO]: Preparing spawn area: 0%
[20:05:26] [Server thread/INFO]: Preparing spawn area: 100%
[20:05:26] [Server thread/INFO]: Loaded 441 spawn chunks for world oreCity
[20:05:26] [Server thread/INFO]: Time elapsed: 671 ms
[20:05:27] [Server thread/INFO]: -------- World Settings For [hg] --------
[20:05:27] [Server thread/INFO]: View Distance: 10
[20:05:27] [Server thread/INFO]: Nerfing mobs spawned from spawners: false
[20:05:27] [Server thread/INFO]: Allow Zombie Pigmen to spawn from portal blocks: true
[20:05:27] [Server thread/INFO]: Arrow Despawn Rate: 1200 Trident Respawn Rate:1200
[20:05:27] [Server thread/INFO]: Item Despawn Rate: 6000
[20:05:27] [Server thread/INFO]: Item Merge Radius: 2.5
[20:05:27] [Server thread/INFO]: Entity Tracking Range: Pl 48 / An 48 / Mo 48 / Mi 32 / Other 64
[20:05:27] [Server thread/INFO]: Max TNT Explosions: 100
[20:05:27] [Server thread/INFO]: Tile Max Tick Time: 50ms Entity max Tick Time: 50ms
[20:05:27] [Server thread/INFO]: Hopper Transfer: 8 Hopper Check: 1 Hopper Amount: 1
[20:05:27] [Server thread/INFO]: Entity Activation Range: An 32 / Mo 32 / Ra 48 / Mi 16 / Tiv true
[20:05:27] [Server thread/INFO]: Custom Map Seeds:  Village: 10387312 Desert: 14357617 Igloo: 14357618 Jungle: 14357619 Swamp: 14357620 Monument: 10387313 Ocean: 14357621 Shipwreck: 165745295 Slime: 987234911
[20:05:27] [Server thread/INFO]: Experience Merge Radius: 3.0
[20:05:27] [Server thread/INFO]: Cactus Growth Modifier: 100%
[20:05:27] [Server thread/INFO]: Cane Growth Modifier: 100%
[20:05:27] [Server thread/INFO]: Melon Growth Modifier: 100%
[20:05:27] [Server thread/INFO]: Mushroom Growth Modifier: 100%
[20:05:27] [Server thread/INFO]: Pumpkin Growth Modifier: 100%
[20:05:27] [Server thread/INFO]: Sapling Growth Modifier: 100%
[20:05:27] [Server thread/INFO]: Beetroot Growth Modifier: 100%
[20:05:27] [Server thread/INFO]: Carrot Growth Modifier: 100%
[20:05:27] [Server thread/INFO]: Potato Growth Modifier: 100%
[20:05:27] [Server thread/INFO]: Wheat Growth Modifier: 100%
[20:05:27] [Server thread/INFO]: NetherWart Growth Modifier: 100%
[20:05:27] [Server thread/INFO]: Vine Growth Modifier: 100%
[20:05:27] [Server thread/INFO]: Cocoa Growth Modifier: 100%
[20:05:27] [Server thread/INFO]: Bamboo Growth Modifier: 100%
[20:05:27] [Server thread/INFO]: SweetBerry Growth Modifier: 100%
[20:05:27] [Server thread/INFO]: Kelp Growth Modifier: 100%
[20:05:27] [Server thread/INFO]: Mob Spawn Range: 8
[20:05:27] [Server thread/INFO]: Zombie Aggressive Towards Villager: true
[20:05:27] [Server thread/INFO]: Preparing start region for dimension 'hg'/minecraft:overworld
[20:05:27] [Server thread/INFO]: Preparing spawn area: 0%
[20:05:27] [Server thread/INFO]: Preparing spawn area: 100%
[20:05:27] [Server thread/INFO]: Loaded 441 spawn chunks for world hg
[20:05:27] [Server thread/INFO]: Time elapsed: 897 ms
[20:05:27] [Server thread/INFO]: [Multiverse-Core] 6 - World(s) loaded.
[20:05:28] [Server thread/INFO]: [Multiverse-Core] Version 4.1.0-b775 (API v24) Enabled - By Rigby, fernferret, lithium3141, main-- and dumptruckman
[20:05:28] [Server thread/INFO]: [Multiverse-Core] Help dumptruckman keep this project alive. Become a patron! https://www.patreon.com/dumptruckman
[20:05:28] [Server thread/INFO]: [Multiverse-Core] One time donations are also appreciated: https://www.paypal.me/dumptruckman
[20:05:28] [Server thread/INFO]: [WorldGuard] Enabling WorldGuard v7.0.2-SNAPSHOT;bf2593e
[20:05:29] [Server thread/INFO]: [WorldGuard] (world) TNT ignition is PERMITTED.
[20:05:29] [Server thread/INFO]: [WorldGuard] (world) Lighters are PERMITTED.
[20:05:29] [Server thread/INFO]: [WorldGuard] (world) Lava fire is PERMITTED.
[20:05:29] [Server thread/INFO]: [WorldGuard] (world) Fire spread is UNRESTRICTED.
[20:05:29] [Server thread/INFO]: [WorldGuard] Loaded configuration for world 'world'
[20:05:29] [Server thread/INFO]: [WorldGuard] (world_nether) TNT ignition is PERMITTED.
[20:05:29] [Server thread/INFO]: [WorldGuard] (world_nether) Lighters are PERMITTED.
[20:05:29] [Server thread/INFO]: [WorldGuard] (world_nether) Lava fire is PERMITTED.
[20:05:29] [Server thread/INFO]: [WorldGuard] (world_nether) Fire spread is UNRESTRICTED.
[20:05:29] [Server thread/INFO]: [WorldGuard] Loaded configuration for world 'world_nether'
[20:05:29] [Server thread/INFO]: [WorldGuard] (world_the_end) TNT ignition is PERMITTED.
[20:05:29] [Server thread/INFO]: [WorldGuard] (world_the_end) Lighters are PERMITTED.
[20:05:29] [Server thread/INFO]: [WorldGuard] (world_the_end) Lava fire is PERMITTED.
[20:05:29] [Server thread/INFO]: [WorldGuard] (world_the_end) Fire spread is UNRESTRICTED.
[20:05:29] [Server thread/INFO]: [WorldGuard] Loaded configuration for world 'world_the_end'
[20:05:29] [Server thread/INFO]: [WorldGuard] (hglobby) TNT ignition is PERMITTED.
[20:05:29] [Server thread/INFO]: [WorldGuard] (hglobby) Lighters are PERMITTED.
[20:05:29] [Server thread/INFO]: [WorldGuard] (hglobby) Lava fire is PERMITTED.
[20:05:29] [Server thread/INFO]: [WorldGuard] (hglobby) Fire spread is UNRESTRICTED.
[20:05:29] [Server thread/INFO]: [WorldGuard] Loaded configuration for world 'hglobby'
[20:05:29] [Server thread/INFO]: [WorldGuard] (oreCity) TNT ignition is PERMITTED.
[20:05:29] [Server thread/INFO]: [WorldGuard] (oreCity) Lighters are PERMITTED.
[20:05:29] [Server thread/INFO]: [WorldGuard] (oreCity) Lava fire is PERMITTED.
[20:05:29] [Server thread/INFO]: [WorldGuard] (oreCity) Fire spread is UNRESTRICTED.
[20:05:29] [Server thread/INFO]: [WorldGuard] Loaded configuration for world 'oreCity'
[20:05:29] [Server thread/INFO]: [WorldGuard] (hg) TNT ignition is PERMITTED.
[20:05:29] [Server thread/INFO]: [WorldGuard] (hg) Lighters are PERMITTED.
[20:05:29] [Server thread/INFO]: [WorldGuard] (hg) Lava fire is PERMITTED.
[20:05:29] [Server thread/INFO]: [WorldGuard] (hg) Fire spread is UNRESTRICTED.
[20:05:29] [Server thread/INFO]: [WorldGuard] Loaded configuration for world 'hg'
[20:05:29] [Server thread/INFO]: [WorldGuard] Loading region data...
[20:05:29] [Server thread/INFO]: [HungerGames] Enabling HungerGames v4.13.8
[20:05:29] [Server thread/INFO]: [HungerGames] Config loaded!
[20:05:29] [Server thread/INFO]: [HungerGames] Metrics have been enabled
[20:05:29] [Server thread/INFO]: [HungerGames] MythicMobs not found, MythicMobs hooks have been disabled
[20:05:29] [Server thread/INFO]: [HungerGames] language.yml loaded
[20:05:29] [Server thread/INFO]: [HungerGames] WARNING: Invalid Material: NONE
[20:05:29] [Server thread/INFO]: [HungerGames] WARNING: Invalid Material: NONE
[20:05:29] [Server thread/INFO]: [HungerGames] WARNING: Invalid Material: NONE
[20:05:29] [Server thread/INFO]: [HungerGames] WARNING: Invalid Material: NONE
[20:05:29] [Server thread/INFO]: [HungerGames] WARNING: Invalid Material: NONE
[20:05:29] [Server thread/INFO]: [HungerGames] WARNING: Invalid Material: NONE
[20:05:29] [Server thread/INFO]: [HungerGames] WARNING: Invalid Material: NONE
[20:05:29] [Server thread/INFO]: [HungerGames] Loaded kits
[20:05:29] [Server thread/INFO]: [HungerGames] 114 Random items have been loaded!
[20:05:29] [Server thread/INFO]: [HungerGames] 14 Random bonus items have been loaded!
[20:05:32] [Server thread/INFO]: [HungerGames] PAPI not found, Placeholders have been disabled
[20:05:32] [Server thread/INFO]: [HungerGames] mcMMO not found, mcMMO event hooks have been disabled
[20:05:32] [Server thread/INFO]: [HungerGames] HungerGames has been enabled!
[20:05:32] [Server thread/INFO]: [IPortal] Enabling IPortal v1.13
[20:05:32] [Server thread/ERROR]: POI data mismatch: never registered at BlockPosition{x=-45, y=15, z=-23}
[20:05:32] [Server thread/ERROR]: POI data mismatch: never registered at BlockPosition{x=-45, y=15, z=-24}
[20:05:32] [Server thread/ERROR]: POI data mismatch: never registered at BlockPosition{x=-45, y=15, z=-25}
[20:05:32] [Server thread/ERROR]: POI data mismatch: never registered at BlockPosition{x=-45, y=14, z=-25}
[20:05:32] [Server thread/ERROR]: POI data mismatch: never registered at BlockPosition{x=-45, y=14, z=-24}
[20:05:32] [Server thread/ERROR]: POI data mismatch: never registered at BlockPosition{x=-45, y=14, z=-23}
[20:05:32] [Server thread/ERROR]: POI data mismatch: never registered at BlockPosition{x=-45, y=13, z=-23}
[20:05:32] [Server thread/ERROR]: POI data mismatch: never registered at BlockPosition{x=-45, y=13, z=-24}
[20:05:32] [Server thread/ERROR]: POI data mismatch: never registered at BlockPosition{x=-45, y=13, z=-25}
[20:05:32] [Server thread/INFO]: [iPortal] lobby portal successfully Loaded!
[20:05:32] [Server thread/INFO]: [iPortal] portals.yml file successfully Loaded!
[20:05:32] [Server thread/INFO]: [iPortal] IPortal has been enabled!
[20:05:32] [Server thread/INFO]: [Essentials] Enabling Essentials v2.17.2.0
[20:05:32] [Server thread/INFO]: [Essentials] Attempting to convert old kits in config.yml to new kits.yml
[20:05:32] [Server thread/INFO]: [Essentials] No kits found to migrate.
[20:05:32] [Server thread/INFO]: [Essentials] Using 1.8.3+ BlockStateMeta provider as mob spawner provider.
[20:05:32] [Server thread/INFO]: [Essentials] Using 1.13+ flat spawn egg provider as spawn egg provider.
[20:05:32] [Server thread/INFO]: [Essentials] Using 1.9+ BasePotionData provider as potion meta provider.
[20:05:32] [Server thread/INFO]: [Essentials] Loaded 21018 items from items.json.
[20:05:32] [Server thread/INFO]: [Essentials] Using locale en_US
[20:05:33] [Server thread/INFO]: [Essentials] ServerListPingEvent: Spigot iterator API
[20:05:33] [Server thread/INFO]: [Essentials] Starting Metrics. Opt-out using the global bStats config.
[20:05:33] [Server thread/INFO]: [Vault] [Vault][Economy] Essentials Economy hooked.
[20:05:33] [Server thread/INFO]: [Essentials] Using Vault based permissions (LuckPerms)
[20:05:33] [Server thread/INFO]: [EssentialsSpawn] Enabling EssentialsSpawn v2.17.2.0
[20:05:33] [Server thread/INFO]: [EssentialsChat] Enabling EssentialsChat v2.17.2.0
[20:05:34] [Server thread/INFO]: Done (31.259s)! For help, type "help"
[20:05:34] [Server thread/INFO]: Timings Reset
[20:05:34] [Craft Scheduler Thread - 10/INFO]: [Vault] Checking for Updates ... 
[20:05:35] [Craft Scheduler Thread - 10/INFO]: [Vault] No new version available
[20:14:50] [User Authenticator #1/INFO]: UUID of player dudesentee is aab764fe-6dd0-3705-a28a-86ae47e1c0b6
[20:14:51] [Server thread/INFO]: dudesentee[/127.0.0.1:53929] logged in with entity id 371 at ([world]-23.5, 10.021599998474121, -23.5)
[20:14:51] [Server thread/WARN]: [Essentials] Permissions lag notice with (ModernVaultHandler). Response took 27.347311ms. Summary: Getting prefix for dudesentee
[20:14:56] [Server thread/INFO]: dudesentee lost connection: Disconnected
[20:14:56] [Server thread/INFO]: dudesentee left the game
[20:15:28] [User Authenticator #1/INFO]: UUID of player dudesentee is aab764fe-6dd0-3705-a28a-86ae47e1c0b6
[20:15:29] [Server thread/INFO]: dudesentee[/127.0.0.1:53934] logged in with entity id 372 at ([world]-23.5, 8.0, -23.5)
[20:15:34] [Server thread/INFO]: dudesentee lost connection: Disconnected
[20:15:34] [Server thread/INFO]: dudesentee left the game
