[23:18:22] [Server thread/INFO]: Starting minecraft server version 1.15.2
[23:18:22] [Server thread/INFO]: Loading properties
[23:18:23] [Server thread/INFO]: This server is running Paper version git-Paper-122 (MC: 1.15.2) (Implementing API version 1.15.2-R0.1-SNAPSHOT)
[23:18:23] [Server thread/INFO]: Debug logging is disabled
[23:18:23] [Server thread/INFO]: Server Ping Player Sample Count: 12
[23:18:23] [Server thread/INFO]: Using 4 threads for Netty based IO
[23:18:23] [Server thread/INFO]: Default game type: SURVIVAL
[23:18:23] [Server thread/INFO]: Generating keypair
[23:18:23] [Server thread/INFO]: Starting Minecraft server on *:25568
[23:18:23] [Server thread/INFO]: Using default channel type
[23:18:25] [Server thread/INFO]: [LuckPerms] Loading LuckPerms v5.0.72
[23:18:25] [Server thread/INFO]: [WorldEdit] Loading WorldEdit v7.1.0;8e55131
[23:18:27] [Server thread/INFO]: Got request to register class com.sk89q.worldedit.bukkit.BukkitServerInterface with WorldEdit [com.sk89q.worldedit.extension.platform.PlatformManager@5dbec8]
[23:18:27] [Server thread/INFO]: [Vault] Loading Vault v1.7.2-b107
[23:18:27] [Server thread/INFO]: [Multiverse-Core] Loading Multiverse-Core v4.1.0-b775
[23:18:27] [Server thread/INFO]: [WorldGuard] Loading WorldGuard v7.0.2-SNAPSHOT;bf2593e
[23:18:27] [Server thread/INFO]: [HungerGames] Loading HungerGames v4.13.7
[23:18:27] [Server thread/INFO]: [Essentials] Loading Essentials v2.17.2.0
[23:18:27] [Server thread/INFO]: [EssentialsProtect] Loading EssentialsProtect v2.17.2.0
[23:18:27] [Server thread/INFO]: [EssentialsSpawn] Loading EssentialsSpawn v2.17.2.0
[23:18:27] [Server thread/INFO]: [EssentialsChat] Loading EssentialsChat v2.17.2.0
[23:18:27] [Server thread/INFO]: [EssentialsAntiBuild] Loading EssentialsAntiBuild v2.17.2.0
[23:18:27] [Server thread/INFO]: Server permissions file permissions.yml is empty, ignoring it
[23:18:27] [Server thread/INFO]: [LuckPerms] Enabling LuckPerms v5.0.72
[23:18:27] [Server thread/INFO]:         __    
[23:18:27] [Server thread/INFO]:   |    |__)   LuckPerms v5.0.72
[23:18:27] [Server thread/INFO]:   |___ |      Running on Bukkit - Paper
[23:18:27] [Server thread/INFO]: 
[23:18:27] [Server thread/INFO]: [LuckPerms] Loading configuration...
[23:18:29] [Server thread/INFO]: [LuckPerms] Loading storage provider... [H2]
[23:18:31] [Server thread/INFO]: [LuckPerms] Loading internal permission managers...
[23:18:31] [Server thread/INFO]: [LuckPerms] Performing initial data load...
[23:18:32] [Server thread/INFO]: [LuckPerms] Successfully enabled. (took 4960ms)
[23:18:32] [Server thread/INFO]: [WorldEdit] Enabling WorldEdit v7.1.0;8e55131
[23:18:32] [Server thread/WARN]: [WorldEdit] Loaded class net.milkbowl.vault.permission.Permission from Vault v1.7.2-b107 which is not a depend, softdepend or loadbefore of this plugin.
[23:18:32] [Server thread/INFO]: WEPIF: Using the Bukkit Permissions API.
[23:18:33] [Server thread/INFO]: Using com.sk89q.worldedit.bukkit.adapter.impl.Spigot_v1_15_R2 as the Bukkit adapter
[23:18:34] [Server thread/INFO]: [Vault] Enabling Vault v1.7.2-b107
[23:18:34] [Server thread/WARN]: [Vault] Loaded class com.earth2me.essentials.api.Economy from Essentials v2.17.2.0 which is not a depend, softdepend or loadbefore of this plugin.
[23:18:34] [Server thread/INFO]: [Vault] [Economy] Essentials Economy found: Waiting
[23:18:34] [Server thread/INFO]: [Vault] [Permission] SuperPermissions loaded as backup permission system.
[23:18:34] [Server thread/INFO]: [Vault] Enabled Version 1.7.2-b107
[23:18:34] [Server thread/WARN]: [LuckPerms] Loaded class net.milkbowl.vault.permission.Permission from Vault v1.7.2-b107 which is not a depend, softdepend or loadbefore of this plugin.
[23:18:34] [Server thread/INFO]: [LuckPerms] Registered Vault permission & chat hook.
[23:18:34] [Server thread/INFO]: WEPIF: Vault detected! Using Vault for permissions
[23:18:34] [Server thread/WARN]: **** SERVER IS RUNNING IN OFFLINE/INSECURE MODE!
[23:18:34] [Server thread/WARN]: The server will make no attempt to authenticate usernames. Beware.
[23:18:34] [Server thread/WARN]: While this makes the game possible to play without internet access, it also opens up the ability for hackers to connect with any username they choose.
[23:18:34] [Server thread/WARN]: To change this, set "online-mode" to "true" in the server.properties file.
[23:18:34] [Server thread/INFO]: Preparing level "world"
[23:18:35] [Server thread/INFO]: Reloading ResourceManager: Default, bukkit
[23:18:36] [Server thread/INFO]: Loaded 6 recipes
[23:18:37] [Server thread/INFO]: -------- World Settings For [world] --------
[23:18:37] [Server thread/INFO]: View Distance: 10
[23:18:37] [Server thread/INFO]: Arrow Despawn Rate: 1200 Trident Respawn Rate:1200
[23:18:37] [Server thread/INFO]: Allow Zombie Pigmen to spawn from portal blocks: true
[23:18:37] [Server thread/INFO]: Item Merge Radius: 2.5
[23:18:37] [Server thread/INFO]: Item Despawn Rate: 6000
[23:18:37] [Server thread/INFO]: Custom Map Seeds:  Village: 10387312 Desert: 14357617 Igloo: 14357618 Jungle: 14357619 Swamp: 14357620 Monument: 10387313 Ocean: 14357621 Shipwreck: 165745295 Slime: 987234911
[23:18:37] [Server thread/INFO]: Nerfing mobs spawned from spawners: false
[23:18:37] [Server thread/INFO]: Zombie Aggressive Towards Villager: true
[23:18:37] [Server thread/INFO]: Mob Spawn Range: 8
[23:18:37] [Server thread/INFO]: Experience Merge Radius: 3.0
[23:18:37] [Server thread/INFO]: Tile Max Tick Time: 50ms Entity max Tick Time: 50ms
[23:18:37] [Server thread/INFO]: Entity Activation Range: An 32 / Mo 32 / Ra 48 / Mi 16 / Tiv true
[23:18:37] [Server thread/INFO]: Max TNT Explosions: 100
[23:18:37] [Server thread/INFO]: Cactus Growth Modifier: 100%
[23:18:37] [Server thread/INFO]: Cane Growth Modifier: 100%
[23:18:37] [Server thread/INFO]: Melon Growth Modifier: 100%
[23:18:37] [Server thread/INFO]: Mushroom Growth Modifier: 100%
[23:18:37] [Server thread/INFO]: Pumpkin Growth Modifier: 100%
[23:18:37] [Server thread/INFO]: Sapling Growth Modifier: 100%
[23:18:37] [Server thread/INFO]: Beetroot Growth Modifier: 100%
[23:18:37] [Server thread/INFO]: Carrot Growth Modifier: 100%
[23:18:37] [Server thread/INFO]: Potato Growth Modifier: 100%
[23:18:37] [Server thread/INFO]: Wheat Growth Modifier: 100%
[23:18:37] [Server thread/INFO]: NetherWart Growth Modifier: 100%
[23:18:37] [Server thread/INFO]: Vine Growth Modifier: 100%
[23:18:37] [Server thread/INFO]: Cocoa Growth Modifier: 100%
[23:18:37] [Server thread/INFO]: Bamboo Growth Modifier: 100%
[23:18:37] [Server thread/INFO]: SweetBerry Growth Modifier: 100%
[23:18:37] [Server thread/INFO]: Kelp Growth Modifier: 100%
[23:18:37] [Server thread/INFO]: Hopper Transfer: 8 Hopper Check: 1 Hopper Amount: 1
[23:18:37] [Server thread/INFO]: Entity Tracking Range: Pl 48 / An 48 / Mo 48 / Mi 32 / Other 64
[23:18:38] [Server thread/INFO]: Registering commands with com.sk89q.worldedit.bukkit.BukkitServerInterface
[23:18:38] [Server thread/INFO]: -------- World Settings For [world_nether] --------
[23:18:38] [Server thread/INFO]: View Distance: 10
[23:18:38] [Server thread/INFO]: Arrow Despawn Rate: 1200 Trident Respawn Rate:1200
[23:18:38] [Server thread/INFO]: Allow Zombie Pigmen to spawn from portal blocks: true
[23:18:38] [Server thread/INFO]: Item Merge Radius: 2.5
[23:18:38] [Server thread/INFO]: Item Despawn Rate: 6000
[23:18:38] [Server thread/INFO]: Custom Map Seeds:  Village: 10387312 Desert: 14357617 Igloo: 14357618 Jungle: 14357619 Swamp: 14357620 Monument: 10387313 Ocean: 14357621 Shipwreck: 165745295 Slime: 987234911
[23:18:38] [Server thread/INFO]: Nerfing mobs spawned from spawners: false
[23:18:38] [Server thread/INFO]: Zombie Aggressive Towards Villager: true
[23:18:38] [Server thread/INFO]: Mob Spawn Range: 8
[23:18:38] [Server thread/INFO]: Experience Merge Radius: 3.0
[23:18:38] [Server thread/INFO]: Tile Max Tick Time: 50ms Entity max Tick Time: 50ms
[23:18:38] [Server thread/INFO]: Entity Activation Range: An 32 / Mo 32 / Ra 48 / Mi 16 / Tiv true
[23:18:38] [Server thread/INFO]: Max TNT Explosions: 100
[23:18:38] [Server thread/INFO]: Cactus Growth Modifier: 100%
[23:18:38] [Server thread/INFO]: Cane Growth Modifier: 100%
[23:18:38] [Server thread/INFO]: Melon Growth Modifier: 100%
[23:18:38] [Server thread/INFO]: Mushroom Growth Modifier: 100%
[23:18:38] [Server thread/INFO]: Pumpkin Growth Modifier: 100%
[23:18:38] [Server thread/INFO]: Sapling Growth Modifier: 100%
[23:18:38] [Server thread/INFO]: Beetroot Growth Modifier: 100%
[23:18:38] [Server thread/INFO]: Carrot Growth Modifier: 100%
[23:18:38] [Server thread/INFO]: Potato Growth Modifier: 100%
[23:18:38] [Server thread/INFO]: Wheat Growth Modifier: 100%
[23:18:38] [Server thread/INFO]: NetherWart Growth Modifier: 100%
[23:18:38] [Server thread/INFO]: Vine Growth Modifier: 100%
[23:18:38] [Server thread/INFO]: Cocoa Growth Modifier: 100%
[23:18:38] [Server thread/INFO]: Bamboo Growth Modifier: 100%
[23:18:38] [Server thread/INFO]: SweetBerry Growth Modifier: 100%
[23:18:38] [Server thread/INFO]: Kelp Growth Modifier: 100%
[23:18:38] [Server thread/INFO]: Hopper Transfer: 8 Hopper Check: 1 Hopper Amount: 1
[23:18:38] [Server thread/INFO]: Entity Tracking Range: Pl 48 / An 48 / Mo 48 / Mi 32 / Other 64
[23:18:38] [Server thread/INFO]: -------- World Settings For [world_the_end] --------
[23:18:38] [Server thread/INFO]: View Distance: 10
[23:18:38] [Server thread/INFO]: Arrow Despawn Rate: 1200 Trident Respawn Rate:1200
[23:18:38] [Server thread/INFO]: Allow Zombie Pigmen to spawn from portal blocks: true
[23:18:38] [Server thread/INFO]: Item Merge Radius: 2.5
[23:18:38] [Server thread/INFO]: Item Despawn Rate: 6000
[23:18:38] [Server thread/INFO]: Custom Map Seeds:  Village: 10387312 Desert: 14357617 Igloo: 14357618 Jungle: 14357619 Swamp: 14357620 Monument: 10387313 Ocean: 14357621 Shipwreck: 165745295 Slime: 987234911
[23:18:38] [Server thread/INFO]: Nerfing mobs spawned from spawners: false
[23:18:38] [Server thread/INFO]: Zombie Aggressive Towards Villager: true
[23:18:38] [Server thread/INFO]: Mob Spawn Range: 8
[23:18:38] [Server thread/INFO]: Experience Merge Radius: 3.0
[23:18:38] [Server thread/INFO]: Tile Max Tick Time: 50ms Entity max Tick Time: 50ms
[23:18:38] [Server thread/INFO]: Entity Activation Range: An 32 / Mo 32 / Ra 48 / Mi 16 / Tiv true
[23:18:38] [Server thread/INFO]: Max TNT Explosions: 100
[23:18:38] [Server thread/INFO]: Cactus Growth Modifier: 100%
[23:18:38] [Server thread/INFO]: Cane Growth Modifier: 100%
[23:18:38] [Server thread/INFO]: Melon Growth Modifier: 100%
[23:18:38] [Server thread/INFO]: Mushroom Growth Modifier: 100%
[23:18:38] [Server thread/INFO]: Pumpkin Growth Modifier: 100%
[23:18:38] [Server thread/INFO]: Sapling Growth Modifier: 100%
[23:18:38] [Server thread/INFO]: Beetroot Growth Modifier: 100%
[23:18:38] [Server thread/INFO]: Carrot Growth Modifier: 100%
[23:18:38] [Server thread/INFO]: Potato Growth Modifier: 100%
[23:18:38] [Server thread/INFO]: Wheat Growth Modifier: 100%
[23:18:38] [Server thread/INFO]: NetherWart Growth Modifier: 100%
[23:18:38] [Server thread/INFO]: Vine Growth Modifier: 100%
[23:18:38] [Server thread/INFO]: Cocoa Growth Modifier: 100%
[23:18:38] [Server thread/INFO]: Bamboo Growth Modifier: 100%
[23:18:38] [Server thread/INFO]: SweetBerry Growth Modifier: 100%
[23:18:38] [Server thread/INFO]: Kelp Growth Modifier: 100%
[23:18:38] [Server thread/INFO]: Hopper Transfer: 8 Hopper Check: 1 Hopper Amount: 1
[23:18:38] [Server thread/INFO]: Entity Tracking Range: Pl 48 / An 48 / Mo 48 / Mi 32 / Other 64
[23:18:39] [Server thread/INFO]: Preparing start region for dimension 'world'/minecraft:overworld
[23:18:39] [Server thread/INFO]: Preparing spawn area: 0%
[23:18:39] [Server thread/INFO]: Preparing spawn area: 0%
[23:18:40] [Server thread/INFO]: Preparing spawn area: 0%
[23:18:42] [Server-Worker-3/INFO]: Preparing spawn area: 0%
[23:18:42] [Server-Worker-6/INFO]: Preparing spawn area: 0%
[23:18:42] [Server-Worker-1/INFO]: Preparing spawn area: 0%
[23:18:42] [Server thread/INFO]: Preparing spawn area: 0%
[23:18:42] [Server thread/INFO]: Preparing spawn area: 88%
[23:18:46] [Server-Worker-6/INFO]: Preparing spawn area: 100%
[23:18:46] [Server-Worker-3/INFO]: Preparing spawn area: 100%
[23:18:46] [Server-Worker-6/INFO]: Preparing spawn area: 100%
[23:18:46] [Server-Worker-3/INFO]: Preparing spawn area: 100%
[23:18:46] [Server-Worker-3/INFO]: Preparing spawn area: 100%
[23:18:46] [Server-Worker-1/INFO]: Preparing spawn area: 100%
[23:18:46] [Server-Worker-3/INFO]: Preparing spawn area: 100%
[23:18:46] [Server-Worker-6/INFO]: Preparing spawn area: 100%
[23:18:47] [Server-Worker-5/INFO]: Preparing spawn area: 100%
[23:18:47] [Server-Worker-6/INFO]: Preparing spawn area: 100%
[23:18:48] [Server-Worker-3/INFO]: Preparing spawn area: 100%
[23:18:48] [Server-Worker-4/INFO]: Preparing spawn area: 100%
[23:18:49] [Server thread/INFO]: Preparing spawn area: 100%
[23:18:49] [Server-Worker-4/INFO]: Preparing spawn area: 100%
[23:18:50] [Server-Worker-3/INFO]: Preparing spawn area: 100%
[23:18:50] [Server-Worker-4/INFO]: Preparing spawn area: 100%
[23:18:51] [Server thread/INFO]: Preparing spawn area: 100%
[23:18:51] [Server thread/INFO]: Loaded 441 spawn chunks for world world
[23:18:51] [Server thread/INFO]: Time elapsed: 12026 ms
[23:18:51] [Server thread/INFO]: Preparing start region for dimension 'world_nether'/minecraft:the_nether
[23:18:51] [Server thread/INFO]: Preparing spawn area: 0%
[23:18:51] [Server thread/INFO]: Preparing spawn area: 100%
[23:18:52] [Server-Worker-5/INFO]: Preparing spawn area: 100%
[23:18:52] [Server-Worker-5/INFO]: Preparing spawn area: 100%
[23:18:53] [Server-Worker-3/INFO]: Preparing spawn area: 100%
[23:18:53] [Server-Worker-2/INFO]: Preparing spawn area: 100%
[23:18:54] [Server-Worker-4/INFO]: Preparing spawn area: 100%
[23:18:54] [Server-Worker-4/INFO]: Preparing spawn area: 100%
[23:18:55] [Server-Worker-1/INFO]: Preparing spawn area: 100%
[23:18:55] [Server thread/INFO]: Loaded 441 spawn chunks for world world_nether
[23:18:55] [Server thread/INFO]: Time elapsed: 4495 ms
[23:18:55] [Server thread/INFO]: Preparing start region for dimension 'world_the_end'/minecraft:the_end
[23:18:55] [Server thread/INFO]: Preparing spawn area: 0%
[23:18:56] [Server thread/INFO]: Preparing spawn area: 100%
[23:18:56] [Server-Worker-4/INFO]: Preparing spawn area: 100%
[23:18:57] [Server-Worker-3/INFO]: Preparing spawn area: 100%
[23:18:57] [Server-Worker-4/INFO]: Preparing spawn area: 100%
[23:18:58] [Server thread/INFO]: Loaded 441 spawn chunks for world world_the_end
[23:18:58] [Server thread/INFO]: Time elapsed: 2199 ms
[23:18:58] [Server thread/INFO]: [Multiverse-Core] Enabling Multiverse-Core v4.1.0-b775
[23:18:58] [Server thread/WARN]: [Multiverse-Core] Loaded class net.milkbowl.vault.economy.Economy from Vault v1.7.2-b107 which is not a depend, softdepend or loadbefore of this plugin.
[23:18:58] [Server thread/WARN]: [Multiverse-Core] "Multiverse-Core v4.1.0-b775" has registered a listener for org.bukkit.event.entity.EntityCreatePortalEvent on method "public void com.onarandombox.MultiverseCore.listeners.MVPortalListener.entityPortalCreate(org.bukkit.event.entity.EntityCreatePortalEvent)", but the event is Deprecated. "Server performance will be affected"; please notify the authors [Rigby, fernferret, lithium3141, main--, dumptruckman].
[23:18:58] [Server thread/INFO]: [Multiverse-Core] We are aware of the warning about the deprecated event. There is no alternative that allows us to do what we need to do. The performance impact is negligible.
[23:18:58] [Server thread/INFO]: [Multiverse-Core] 3 - World(s) loaded.
[23:18:59] [Server thread/INFO]: [Multiverse-Core] Version 4.1.0-b775 (API v24) Enabled - By Rigby, fernferret, lithium3141, main-- and dumptruckman
[23:18:59] [Server thread/INFO]: [Multiverse-Core] Help dumptruckman keep this project alive. Become a patron! https://www.patreon.com/dumptruckman
[23:18:59] [Server thread/INFO]: [Multiverse-Core] One time donations are also appreciated: https://www.paypal.me/dumptruckman
[23:18:59] [Server thread/INFO]: [WorldGuard] Enabling WorldGuard v7.0.2-SNAPSHOT;bf2593e
[23:18:59] [Server thread/INFO]: [WorldGuard] (world) TNT ignition is PERMITTED.
[23:18:59] [Server thread/INFO]: [WorldGuard] (world) Lighters are PERMITTED.
[23:18:59] [Server thread/INFO]: [WorldGuard] (world) Lava fire is PERMITTED.
[23:18:59] [Server thread/INFO]: [WorldGuard] (world) Fire spread is UNRESTRICTED.
[23:18:59] [Server thread/INFO]: [WorldGuard] Loaded configuration for world 'world'
[23:18:59] [Server thread/INFO]: [WorldGuard] (world_nether) TNT ignition is PERMITTED.
[23:18:59] [Server thread/INFO]: [WorldGuard] (world_nether) Lighters are PERMITTED.
[23:18:59] [Server thread/INFO]: [WorldGuard] (world_nether) Lava fire is PERMITTED.
[23:18:59] [Server thread/INFO]: [WorldGuard] (world_nether) Fire spread is UNRESTRICTED.
[23:18:59] [Server thread/INFO]: [WorldGuard] Loaded configuration for world 'world_nether'
[23:18:59] [Server thread/INFO]: [WorldGuard] (world_the_end) TNT ignition is PERMITTED.
[23:18:59] [Server thread/INFO]: [WorldGuard] (world_the_end) Lighters are PERMITTED.
[23:18:59] [Server thread/INFO]: [WorldGuard] (world_the_end) Lava fire is PERMITTED.
[23:18:59] [Server thread/INFO]: [WorldGuard] (world_the_end) Fire spread is UNRESTRICTED.
[23:18:59] [Server thread/INFO]: [WorldGuard] Loaded configuration for world 'world_the_end'
[23:18:59] [Server thread/INFO]: [WorldGuard] Loading region data...
[23:18:59] [Server thread/INFO]: [HungerGames] Enabling HungerGames v4.13.7
[23:18:59] [Server thread/INFO]: [HungerGames] Config loaded!
[23:18:59] [Server thread/INFO]: [HungerGames] Metrics have been enabled
[23:18:59] [Server thread/INFO]: [HungerGames] MythicMobs not found, MythicMobs hooks have been disabled
[23:18:59] [Server thread/INFO]: [HungerGames] language.yml loaded
[23:18:59] [Server thread/INFO]: [HungerGames] Loaded kits
[23:18:59] [Server thread/INFO]: [HungerGames] 66 Random items have been loaded!
[23:18:59] [Server thread/INFO]: [HungerGames] 2 Random bonus items have been loaded!
[23:18:59] [Server thread/INFO]: [HungerGames] No Arenas to load.
[23:18:59] [Server thread/INFO]: [HungerGames] PAPI not found, Placeholders have been disabled
[23:18:59] [Server thread/INFO]: [HungerGames] mcMMO not found, mcMMO event hooks have been disabled
[23:18:59] [Server thread/INFO]: [HungerGames] HungerGames has been enabled!
[23:18:59] [Server thread/INFO]: [Essentials] Enabling Essentials v2.17.2.0
[23:19:00] [Server thread/INFO]: [Essentials] Attempting to convert old kits in config.yml to new kits.yml
[23:19:00] [Server thread/INFO]: [Essentials] No kits found to migrate.
[23:19:00] [Server thread/INFO]: [Essentials] Starting Essentials ban format conversion
[23:19:00] [Server thread/INFO]: [Essentials] Found 2 files to convert...
[23:19:00] [Server thread/INFO]: [Essentials] Converted 0/2
[23:19:00] [Server thread/INFO]: [Essentials] Ban format update complete.
[23:19:00] [Server thread/INFO]: [Essentials] Starting usermap repair
[23:19:00] [Server thread/INFO]: [Essentials] Reading: 0.00%
[23:19:00] [Server thread/INFO]: [Essentials] Completed usermap repair.
[23:19:00] [Server thread/INFO]: [Essentials] Using 1.8.3+ BlockStateMeta provider as mob spawner provider.
[23:19:00] [Server thread/INFO]: [Essentials] Using 1.13+ flat spawn egg provider as spawn egg provider.
[23:19:00] [Server thread/INFO]: [Essentials] Using 1.9+ BasePotionData provider as potion meta provider.
[23:19:01] [Server thread/INFO]: [Essentials] Loaded 21018 items from items.json.
[23:19:01] [Server thread/INFO]: [Essentials] Using locale en_US
[23:19:01] [Server thread/INFO]: [Essentials] ServerListPingEvent: Spigot iterator API
[23:19:01] [Server thread/INFO]: [Essentials] Starting Metrics. Opt-out using the global bStats config.
[23:19:01] [Server thread/INFO]: [Vault] [Vault][Economy] Essentials Economy hooked.
[23:19:01] [Server thread/INFO]: [Essentials] Using Vault based permissions (LuckPerms)
[23:19:01] [Server thread/INFO]: [EssentialsProtect] Enabling EssentialsProtect v2.17.2.0
[23:19:01] [Server thread/INFO]: [EssentialsProtect] Continuing to enable Protect.
[23:19:01] [Server thread/INFO]: [EssentialsSpawn] Enabling EssentialsSpawn v2.17.2.0
[23:19:01] [Server thread/INFO]: [EssentialsChat] Enabling EssentialsChat v2.17.2.0
[23:19:01] [Server thread/INFO]: [EssentialsAntiBuild] Enabling EssentialsAntiBuild v2.17.2.0
[23:19:02] [Server thread/INFO]: Done (27.366s)! For help, type "help"
[23:19:02] [Server thread/INFO]: Timings Reset
[23:19:02] [Craft Scheduler Thread - 14/INFO]: [Vault] Checking for Updates ... 
[23:19:03] [Craft Scheduler Thread - 14/INFO]: [Vault] No new version available
